ARM GAS  C:\Users\Shahed\AppData\Local\Temp\ccyqBfWp.s 			page 1


   1              		.cpu cortex-m0
   2              		.fpu softvfp
   3              		.eabi_attribute 20, 1
   4              		.eabi_attribute 21, 1
   5              		.eabi_attribute 23, 3
   6              		.eabi_attribute 24, 1
   7              		.eabi_attribute 25, 1
   8              		.eabi_attribute 26, 1
   9              		.eabi_attribute 30, 6
  10              		.eabi_attribute 34, 0
  11              		.eabi_attribute 18, 4
  12              		.code	16
  13              		.file	"BLE_dis.c"
  14              		.text
  15              	.Ltext0:
  16              		.cfi_sections	.debug_frame
  17              		.global	cyBle_diss
  18              		.section	.rodata
  19              		.align	2
  20              		.type	cyBle_diss, %object
  21              		.size	cyBle_diss, 20
  22              	cyBle_diss:
  23 0000 1900     		.short	25
  24 0002 1B00     		.short	27
  25 0004 1D00     		.short	29
  26 0006 1F00     		.short	31
  27 0008 2100     		.short	33
  28 000a 2300     		.short	35
  29 000c 2500     		.short	37
  30 000e 2700     		.short	39
  31 0010 2900     		.short	41
  32 0012 2B00     		.short	43
  33              		.section	.text.CyBle_DisInit,"ax",%progbits
  34              		.align	2
  35              		.global	CyBle_DisInit
  36              		.code	16
  37              		.thumb_func
  38              		.type	CyBle_DisInit, %function
  39              	CyBle_DisInit:
  40              	.LFB2:
  41              		.file 1 ".\\Generated_Source\\PSoC4\\BLE_dis.c"
   1:.\Generated_Source\PSoC4/BLE_dis.c **** /*******************************************************************************
   2:.\Generated_Source\PSoC4/BLE_dis.c **** File Name: CYBLE_dis.c
   3:.\Generated_Source\PSoC4/BLE_dis.c **** Version 1.20
   4:.\Generated_Source\PSoC4/BLE_dis.c **** 
   5:.\Generated_Source\PSoC4/BLE_dis.c **** Description:
   6:.\Generated_Source\PSoC4/BLE_dis.c ****  Contains the source code for the Device Information Service.
   7:.\Generated_Source\PSoC4/BLE_dis.c **** 
   8:.\Generated_Source\PSoC4/BLE_dis.c **** ********************************************************************************
   9:.\Generated_Source\PSoC4/BLE_dis.c **** Copyright 2014-2015, Cypress Semiconductor Corporation.  All rights reserved.
  10:.\Generated_Source\PSoC4/BLE_dis.c **** You may use this file only in accordance with the license, terms, conditions,
  11:.\Generated_Source\PSoC4/BLE_dis.c **** disclaimers, and limitations in the end user license agreement accompanying
  12:.\Generated_Source\PSoC4/BLE_dis.c **** the software package with which this file was provided.
  13:.\Generated_Source\PSoC4/BLE_dis.c **** *******************************************************************************/
  14:.\Generated_Source\PSoC4/BLE_dis.c **** 
  15:.\Generated_Source\PSoC4/BLE_dis.c **** 
  16:.\Generated_Source\PSoC4/BLE_dis.c **** #include "BLE_eventHandler.h"
ARM GAS  C:\Users\Shahed\AppData\Local\Temp\ccyqBfWp.s 			page 2


  17:.\Generated_Source\PSoC4/BLE_dis.c **** 
  18:.\Generated_Source\PSoC4/BLE_dis.c **** #ifdef CYBLE_DIS_SERVER
  19:.\Generated_Source\PSoC4/BLE_dis.c **** 
  20:.\Generated_Source\PSoC4/BLE_dis.c **** const CYBLE_DISS_T cyBle_diss =
  21:.\Generated_Source\PSoC4/BLE_dis.c **** {
  22:.\Generated_Source\PSoC4/BLE_dis.c ****     0x0019u,    /* Handle of the DIS service */
  23:.\Generated_Source\PSoC4/BLE_dis.c ****     {
  24:.\Generated_Source\PSoC4/BLE_dis.c ****         0x001Bu, /* Handle of the Manufacturer Name String characteristic */ 
  25:.\Generated_Source\PSoC4/BLE_dis.c ****         0x001Du, /* Handle of the Model Number String characteristic */ 
  26:.\Generated_Source\PSoC4/BLE_dis.c ****         0x001Fu, /* Handle of the Serial Number String characteristic */ 
  27:.\Generated_Source\PSoC4/BLE_dis.c ****         0x0021u, /* Handle of the Hardware Revision String characteristic */ 
  28:.\Generated_Source\PSoC4/BLE_dis.c ****         0x0023u, /* Handle of the Firmware Revision String characteristic */ 
  29:.\Generated_Source\PSoC4/BLE_dis.c ****         0x0025u, /* Handle of the Software Revision String characteristic */ 
  30:.\Generated_Source\PSoC4/BLE_dis.c ****         0x0027u, /* Handle of the System ID characteristic */ 
  31:.\Generated_Source\PSoC4/BLE_dis.c ****         0x0029u, /* Handle of the IEEE 11073-20601 Regulatory Certification Data List characteristi
  32:.\Generated_Source\PSoC4/BLE_dis.c ****         0x002Bu, /* Handle of the PnP ID characteristic */ 
  33:.\Generated_Source\PSoC4/BLE_dis.c ****     },
  34:.\Generated_Source\PSoC4/BLE_dis.c **** };
  35:.\Generated_Source\PSoC4/BLE_dis.c **** 
  36:.\Generated_Source\PSoC4/BLE_dis.c **** #endif /* CYBLE_DIS_SERVER */
  37:.\Generated_Source\PSoC4/BLE_dis.c **** 
  38:.\Generated_Source\PSoC4/BLE_dis.c **** #ifdef CYBLE_DIS_CLIENT
  39:.\Generated_Source\PSoC4/BLE_dis.c **** 
  40:.\Generated_Source\PSoC4/BLE_dis.c **** CYBLE_DISC_T cyBle_disc;
  41:.\Generated_Source\PSoC4/BLE_dis.c **** static CYBLE_GATT_DB_ATTR_HANDLE_T cyBle_discReqHandle;
  42:.\Generated_Source\PSoC4/BLE_dis.c **** static CYBLE_CALLBACK_T CyBle_DisApplCallback = NULL;
  43:.\Generated_Source\PSoC4/BLE_dis.c **** 
  44:.\Generated_Source\PSoC4/BLE_dis.c **** #endif /* (CYBLE_DIS_CLIENT) */
  45:.\Generated_Source\PSoC4/BLE_dis.c **** 
  46:.\Generated_Source\PSoC4/BLE_dis.c **** 
  47:.\Generated_Source\PSoC4/BLE_dis.c **** /****************************************************************************** 
  48:.\Generated_Source\PSoC4/BLE_dis.c **** ##Function Name: CyBle_DisInit
  49:.\Generated_Source\PSoC4/BLE_dis.c **** *******************************************************************************
  50:.\Generated_Source\PSoC4/BLE_dis.c **** 
  51:.\Generated_Source\PSoC4/BLE_dis.c **** Summary:
  52:.\Generated_Source\PSoC4/BLE_dis.c ****  This function initializes the DIS service.
  53:.\Generated_Source\PSoC4/BLE_dis.c **** 
  54:.\Generated_Source\PSoC4/BLE_dis.c **** Parameters:
  55:.\Generated_Source\PSoC4/BLE_dis.c ****  None
  56:.\Generated_Source\PSoC4/BLE_dis.c **** 
  57:.\Generated_Source\PSoC4/BLE_dis.c **** Return:
  58:.\Generated_Source\PSoC4/BLE_dis.c ****  None
  59:.\Generated_Source\PSoC4/BLE_dis.c **** 
  60:.\Generated_Source\PSoC4/BLE_dis.c **** ******************************************************************************/
  61:.\Generated_Source\PSoC4/BLE_dis.c **** void CyBle_DisInit(void)
  62:.\Generated_Source\PSoC4/BLE_dis.c **** {
  42              		.loc 1 62 0
  43              		.cfi_startproc
  44 0000 80B5     		push	{r7, lr}
  45              		.cfi_def_cfa_offset 8
  46              		.cfi_offset 7, -8
  47              		.cfi_offset 14, -4
  48 0002 00AF     		add	r7, sp, #0
  49              		.cfi_def_cfa_register 7
  63:.\Generated_Source\PSoC4/BLE_dis.c **** 
  64:.\Generated_Source\PSoC4/BLE_dis.c **** #ifdef CYBLE_DIS_CLIENT
  65:.\Generated_Source\PSoC4/BLE_dis.c **** 
ARM GAS  C:\Users\Shahed\AppData\Local\Temp\ccyqBfWp.s 			page 3


  66:.\Generated_Source\PSoC4/BLE_dis.c ****     (void)memset(&cyBle_disc, 0, sizeof(cyBle_disc));
  67:.\Generated_Source\PSoC4/BLE_dis.c ****     cyBle_discReqHandle = CYBLE_GATT_INVALID_ATTR_HANDLE_VALUE;
  68:.\Generated_Source\PSoC4/BLE_dis.c **** 
  69:.\Generated_Source\PSoC4/BLE_dis.c **** #endif /* CYBLE_DIS_CLIENT */
  70:.\Generated_Source\PSoC4/BLE_dis.c **** 
  71:.\Generated_Source\PSoC4/BLE_dis.c **** }
  50              		.loc 1 71 0
  51 0004 BD46     		mov	sp, r7
  52              		@ sp needed
  53 0006 80BD     		pop	{r7, pc}
  54              		.cfi_endproc
  55              	.LFE2:
  56              		.size	CyBle_DisInit, .-CyBle_DisInit
  57              		.section	.text.CyBle_DisRegisterAttrCallback,"ax",%progbits
  58              		.align	2
  59              		.global	CyBle_DisRegisterAttrCallback
  60              		.code	16
  61              		.thumb_func
  62              		.type	CyBle_DisRegisterAttrCallback, %function
  63              	CyBle_DisRegisterAttrCallback:
  64              	.LFB3:
  72:.\Generated_Source\PSoC4/BLE_dis.c **** 
  73:.\Generated_Source\PSoC4/BLE_dis.c **** 
  74:.\Generated_Source\PSoC4/BLE_dis.c **** /****************************************************************************** 
  75:.\Generated_Source\PSoC4/BLE_dis.c **** ##Function Name: CyBle_DisRegisterAttrCallback
  76:.\Generated_Source\PSoC4/BLE_dis.c **** *******************************************************************************
  77:.\Generated_Source\PSoC4/BLE_dis.c **** 
  78:.\Generated_Source\PSoC4/BLE_dis.c **** Summary:
  79:.\Generated_Source\PSoC4/BLE_dis.c ****  Registers a callback function for service specific attribute operations.
  80:.\Generated_Source\PSoC4/BLE_dis.c **** 
  81:.\Generated_Source\PSoC4/BLE_dis.c **** Parameters:
  82:.\Generated_Source\PSoC4/BLE_dis.c ****  callbackFunc: An application layer event callback function to receive 
  83:.\Generated_Source\PSoC4/BLE_dis.c ****                    events from the BLE Component. The definition of 
  84:.\Generated_Source\PSoC4/BLE_dis.c ****                    CYBLE_CALLBACK_T for Device Information Service is,
  85:.\Generated_Source\PSoC4/BLE_dis.c ****             
  86:.\Generated_Source\PSoC4/BLE_dis.c ****                    typedef void (* CYBLE_CALLBACK_T) (uint32 eventCode, 
  87:.\Generated_Source\PSoC4/BLE_dis.c ****                                                       void *eventParam)
  88:.\Generated_Source\PSoC4/BLE_dis.c **** 
  89:.\Generated_Source\PSoC4/BLE_dis.c ****                    * eventCode indicates the event that triggered this 
  90:.\Generated_Source\PSoC4/BLE_dis.c ****                      callback.
  91:.\Generated_Source\PSoC4/BLE_dis.c ****                    * eventParam contains the parameters corresponding to the 
  92:.\Generated_Source\PSoC4/BLE_dis.c ****                      current event.
  93:.\Generated_Source\PSoC4/BLE_dis.c **** 
  94:.\Generated_Source\PSoC4/BLE_dis.c **** Return:
  95:.\Generated_Source\PSoC4/BLE_dis.c ****  None
  96:.\Generated_Source\PSoC4/BLE_dis.c **** 
  97:.\Generated_Source\PSoC4/BLE_dis.c **** ******************************************************************************/
  98:.\Generated_Source\PSoC4/BLE_dis.c **** void CyBle_DisRegisterAttrCallback(CYBLE_CALLBACK_T callbackFunc)
  99:.\Generated_Source\PSoC4/BLE_dis.c **** {
  65              		.loc 1 99 0
  66              		.cfi_startproc
  67 0000 80B5     		push	{r7, lr}
  68              		.cfi_def_cfa_offset 8
  69              		.cfi_offset 7, -8
  70              		.cfi_offset 14, -4
  71 0002 82B0     		sub	sp, sp, #8
  72              		.cfi_def_cfa_offset 16
ARM GAS  C:\Users\Shahed\AppData\Local\Temp\ccyqBfWp.s 			page 4


  73 0004 00AF     		add	r7, sp, #0
  74              		.cfi_def_cfa_register 7
  75 0006 7860     		str	r0, [r7, #4]
 100:.\Generated_Source\PSoC4/BLE_dis.c ****     
 101:.\Generated_Source\PSoC4/BLE_dis.c **** #ifdef CYBLE_DIS_CLIENT
 102:.\Generated_Source\PSoC4/BLE_dis.c ****     CyBle_DisApplCallback = callbackFunc;
 103:.\Generated_Source\PSoC4/BLE_dis.c **** #else
 104:.\Generated_Source\PSoC4/BLE_dis.c ****     if(callbackFunc != NULL) /* Callback doesn't have events in server mode */
 105:.\Generated_Source\PSoC4/BLE_dis.c ****     {
 106:.\Generated_Source\PSoC4/BLE_dis.c ****     }
 107:.\Generated_Source\PSoC4/BLE_dis.c **** #endif /* CYBLE_DIS_CLIENT */
 108:.\Generated_Source\PSoC4/BLE_dis.c ****     
 109:.\Generated_Source\PSoC4/BLE_dis.c **** }
  76              		.loc 1 109 0
  77 0008 BD46     		mov	sp, r7
  78 000a 02B0     		add	sp, sp, #8
  79              		@ sp needed
  80 000c 80BD     		pop	{r7, pc}
  81              		.cfi_endproc
  82              	.LFE3:
  83              		.size	CyBle_DisRegisterAttrCallback, .-CyBle_DisRegisterAttrCallback
  84 000e C046     		.section	.text.CyBle_DissSetCharacteristicValue,"ax",%progbits
  85              		.align	2
  86              		.global	CyBle_DissSetCharacteristicValue
  87              		.code	16
  88              		.thumb_func
  89              		.type	CyBle_DissSetCharacteristicValue, %function
  90              	CyBle_DissSetCharacteristicValue:
  91              	.LFB4:
 110:.\Generated_Source\PSoC4/BLE_dis.c **** 
 111:.\Generated_Source\PSoC4/BLE_dis.c **** #ifdef CYBLE_DIS_SERVER
 112:.\Generated_Source\PSoC4/BLE_dis.c **** 
 113:.\Generated_Source\PSoC4/BLE_dis.c **** 
 114:.\Generated_Source\PSoC4/BLE_dis.c **** /******************************************************************************
 115:.\Generated_Source\PSoC4/BLE_dis.c **** ##Function Name: CyBle_DissSetCharacteristicValue
 116:.\Generated_Source\PSoC4/BLE_dis.c **** *******************************************************************************
 117:.\Generated_Source\PSoC4/BLE_dis.c **** 
 118:.\Generated_Source\PSoC4/BLE_dis.c **** Summary:
 119:.\Generated_Source\PSoC4/BLE_dis.c ****  Sets a characteristic value of the service, which is identified by charIndex,
 120:.\Generated_Source\PSoC4/BLE_dis.c ****  to the local database.
 121:.\Generated_Source\PSoC4/BLE_dis.c **** 
 122:.\Generated_Source\PSoC4/BLE_dis.c **** 
 123:.\Generated_Source\PSoC4/BLE_dis.c **** Parameters:
 124:.\Generated_Source\PSoC4/BLE_dis.c ****  charIndex: The index of a service characteristic.
 125:.\Generated_Source\PSoC4/BLE_dis.c ****  attrSize: The size of the characteristic value attribute.
 126:.\Generated_Source\PSoC4/BLE_dis.c ****  *attrValue: The pointer to the characteristic value data that should be
 127:.\Generated_Source\PSoC4/BLE_dis.c ****                   stored to the GATT database.
 128:.\Generated_Source\PSoC4/BLE_dis.c **** 
 129:.\Generated_Source\PSoC4/BLE_dis.c **** Return:
 130:.\Generated_Source\PSoC4/BLE_dis.c ****  Return value is of type CYBLE_API_RESULT_T.
 131:.\Generated_Source\PSoC4/BLE_dis.c ****  * CYBLE_ERROR_OK - The request handled successfully
 132:.\Generated_Source\PSoC4/BLE_dis.c ****  * CYBLE_ERROR_INVALID_PARAMETER - Validation of the input parameter failed
 133:.\Generated_Source\PSoC4/BLE_dis.c **** 
 134:.\Generated_Source\PSoC4/BLE_dis.c **** ******************************************************************************/
 135:.\Generated_Source\PSoC4/BLE_dis.c **** CYBLE_API_RESULT_T CyBle_DissSetCharacteristicValue(CYBLE_DIS_CHAR_INDEX_T charIndex, uint8 attrSiz
 136:.\Generated_Source\PSoC4/BLE_dis.c **** {
  92              		.loc 1 136 0
ARM GAS  C:\Users\Shahed\AppData\Local\Temp\ccyqBfWp.s 			page 5


  93              		.cfi_startproc
  94 0000 80B5     		push	{r7, lr}
  95              		.cfi_def_cfa_offset 8
  96              		.cfi_offset 7, -8
  97              		.cfi_offset 14, -4
  98 0002 86B0     		sub	sp, sp, #24
  99              		.cfi_def_cfa_offset 32
 100 0004 00AF     		add	r7, sp, #0
 101              		.cfi_def_cfa_register 7
 102 0006 3A60     		str	r2, [r7]
 103 0008 FB1D     		add	r3, r7, #7
 104 000a 021C     		add	r2, r0, #0
 105 000c 1A70     		strb	r2, [r3]
 106 000e BB1D     		add	r3, r7, #6
 107 0010 0A1C     		add	r2, r1, #0
 108 0012 1A70     		strb	r2, [r3]
 137:.\Generated_Source\PSoC4/BLE_dis.c ****     CYBLE_API_RESULT_T apiResult = CYBLE_ERROR_OK;
 109              		.loc 1 137 0
 110 0014 3B1C     		mov	r3, r7
 111 0016 1633     		add	r3, r3, #22
 112 0018 0022     		mov	r2, #0
 113 001a 1A80     		strh	r2, [r3]
 138:.\Generated_Source\PSoC4/BLE_dis.c ****     CYBLE_GATT_HANDLE_VALUE_PAIR_T locHandleValuePair;
 139:.\Generated_Source\PSoC4/BLE_dis.c **** 
 140:.\Generated_Source\PSoC4/BLE_dis.c ****     if(charIndex >= CYBLE_DIS_CHAR_COUNT)
 114              		.loc 1 140 0
 115 001c FB1D     		add	r3, r7, #7
 116 001e 1B78     		ldrb	r3, [r3]
 117 0020 082B     		cmp	r3, #8
 118 0022 04D9     		bls	.L4
 141:.\Generated_Source\PSoC4/BLE_dis.c ****     {
 142:.\Generated_Source\PSoC4/BLE_dis.c ****         apiResult = CYBLE_ERROR_INVALID_PARAMETER;
 119              		.loc 1 142 0
 120 0024 3B1C     		mov	r3, r7
 121 0026 1633     		add	r3, r3, #22
 122 0028 0122     		mov	r2, #1
 123 002a 1A80     		strh	r2, [r3]
 124 002c 21E0     		b	.L5
 125              	.L4:
 143:.\Generated_Source\PSoC4/BLE_dis.c ****     }
 144:.\Generated_Source\PSoC4/BLE_dis.c ****     else
 145:.\Generated_Source\PSoC4/BLE_dis.c ****     {
 146:.\Generated_Source\PSoC4/BLE_dis.c ****         /* Store data in database */
 147:.\Generated_Source\PSoC4/BLE_dis.c ****         locHandleValuePair.attrHandle = cyBle_diss.charHandle[charIndex];
 126              		.loc 1 147 0
 127 002e FB1D     		add	r3, r7, #7
 128 0030 1B78     		ldrb	r3, [r3]
 129 0032 134A     		ldr	r2, .L7
 130 0034 5B00     		lsl	r3, r3, #1
 131 0036 D318     		add	r3, r2, r3
 132 0038 5A88     		ldrh	r2, [r3, #2]
 133 003a 3B1C     		mov	r3, r7
 134 003c 0833     		add	r3, r3, #8
 135 003e 1A81     		strh	r2, [r3, #8]
 148:.\Generated_Source\PSoC4/BLE_dis.c ****         locHandleValuePair.value.len = attrSize;
 136              		.loc 1 148 0
 137 0040 BB1D     		add	r3, r7, #6
ARM GAS  C:\Users\Shahed\AppData\Local\Temp\ccyqBfWp.s 			page 6


 138 0042 1B78     		ldrb	r3, [r3]
 139 0044 9AB2     		uxth	r2, r3
 140 0046 3B1C     		mov	r3, r7
 141 0048 0833     		add	r3, r3, #8
 142 004a 9A80     		strh	r2, [r3, #4]
 149:.\Generated_Source\PSoC4/BLE_dis.c ****         locHandleValuePair.value.val = attrValue;
 143              		.loc 1 149 0
 144 004c 3B1C     		mov	r3, r7
 145 004e 0833     		add	r3, r3, #8
 146 0050 3A68     		ldr	r2, [r7]
 147 0052 1A60     		str	r2, [r3]
 150:.\Generated_Source\PSoC4/BLE_dis.c ****         if(CYBLE_GATT_ERR_NONE !=
 151:.\Generated_Source\PSoC4/BLE_dis.c ****             CyBle_GattsWriteAttributeValue(&locHandleValuePair, 0u, NULL, CYBLE_GATT_DB_LOCALLY_INI
 148              		.loc 1 151 0
 149 0054 3B1C     		mov	r3, r7
 150 0056 0833     		add	r3, r3, #8
 151 0058 181C     		mov	r0, r3
 152 005a 0021     		mov	r1, #0
 153 005c 0022     		mov	r2, #0
 154 005e 0023     		mov	r3, #0
 155 0060 FFF7FEFF 		bl	CyBle_GattsWriteAttributeValue
 156 0064 031C     		mov	r3, r0
 150:.\Generated_Source\PSoC4/BLE_dis.c ****         if(CYBLE_GATT_ERR_NONE !=
 157              		.loc 1 150 0
 158 0066 002B     		cmp	r3, #0
 159 0068 03D0     		beq	.L5
 152:.\Generated_Source\PSoC4/BLE_dis.c ****         {
 153:.\Generated_Source\PSoC4/BLE_dis.c ****             apiResult = CYBLE_ERROR_INVALID_PARAMETER;
 160              		.loc 1 153 0
 161 006a 3B1C     		mov	r3, r7
 162 006c 1633     		add	r3, r3, #22
 163 006e 0122     		mov	r2, #1
 164 0070 1A80     		strh	r2, [r3]
 165              	.L5:
 154:.\Generated_Source\PSoC4/BLE_dis.c ****         }
 155:.\Generated_Source\PSoC4/BLE_dis.c ****     }
 156:.\Generated_Source\PSoC4/BLE_dis.c ****     return (apiResult);
 166              		.loc 1 156 0
 167 0072 3B1C     		mov	r3, r7
 168 0074 1633     		add	r3, r3, #22
 169 0076 1B88     		ldrh	r3, [r3]
 157:.\Generated_Source\PSoC4/BLE_dis.c **** }
 170              		.loc 1 157 0
 171 0078 181C     		mov	r0, r3
 172 007a BD46     		mov	sp, r7
 173 007c 06B0     		add	sp, sp, #24
 174              		@ sp needed
 175 007e 80BD     		pop	{r7, pc}
 176              	.L8:
 177              		.align	2
 178              	.L7:
 179 0080 00000000 		.word	cyBle_diss
 180              		.cfi_endproc
 181              	.LFE4:
 182              		.size	CyBle_DissSetCharacteristicValue, .-CyBle_DissSetCharacteristicValue
 183              		.section	.text.CyBle_DissGetCharacteristicValue,"ax",%progbits
 184              		.align	2
ARM GAS  C:\Users\Shahed\AppData\Local\Temp\ccyqBfWp.s 			page 7


 185              		.global	CyBle_DissGetCharacteristicValue
 186              		.code	16
 187              		.thumb_func
 188              		.type	CyBle_DissGetCharacteristicValue, %function
 189              	CyBle_DissGetCharacteristicValue:
 190              	.LFB5:
 158:.\Generated_Source\PSoC4/BLE_dis.c **** 
 159:.\Generated_Source\PSoC4/BLE_dis.c **** 
 160:.\Generated_Source\PSoC4/BLE_dis.c **** /******************************************************************************
 161:.\Generated_Source\PSoC4/BLE_dis.c **** ##Function Name: CyBle_DissGetCharacteristicValue
 162:.\Generated_Source\PSoC4/BLE_dis.c **** *******************************************************************************
 163:.\Generated_Source\PSoC4/BLE_dis.c **** 
 164:.\Generated_Source\PSoC4/BLE_dis.c **** Summary:
 165:.\Generated_Source\PSoC4/BLE_dis.c ****  Gets a characteristic value of the service, which is identified by charIndex,
 166:.\Generated_Source\PSoC4/BLE_dis.c ****  from the GATT database.
 167:.\Generated_Source\PSoC4/BLE_dis.c **** 
 168:.\Generated_Source\PSoC4/BLE_dis.c **** Parameters:
 169:.\Generated_Source\PSoC4/BLE_dis.c ****  charIndex: The index of a service characteristic.
 170:.\Generated_Source\PSoC4/BLE_dis.c ****  attrSize: The size of the characteristic value attribute.
 171:.\Generated_Source\PSoC4/BLE_dis.c ****  *attrValue: The pointer to the location where characteristic value data
 172:.\Generated_Source\PSoC4/BLE_dis.c ****               should be stored.
 173:.\Generated_Source\PSoC4/BLE_dis.c **** 
 174:.\Generated_Source\PSoC4/BLE_dis.c **** Return:
 175:.\Generated_Source\PSoC4/BLE_dis.c ****  Return value is of type CYBLE_API_RESULT_T.
 176:.\Generated_Source\PSoC4/BLE_dis.c ****  Return value is of type CYBLE_API_RESULT_T.
 177:.\Generated_Source\PSoC4/BLE_dis.c ****  * CYBLE_ERROR_OK - The request handled successfully
 178:.\Generated_Source\PSoC4/BLE_dis.c ****  * CYBLE_ERROR_INVALID_PARAMETER - Validation of the input parameter failed
 179:.\Generated_Source\PSoC4/BLE_dis.c **** 
 180:.\Generated_Source\PSoC4/BLE_dis.c **** ******************************************************************************/
 181:.\Generated_Source\PSoC4/BLE_dis.c **** CYBLE_API_RESULT_T CyBle_DissGetCharacteristicValue(CYBLE_DIS_CHAR_INDEX_T charIndex, uint8 attrSiz
 182:.\Generated_Source\PSoC4/BLE_dis.c **** {
 191              		.loc 1 182 0
 192              		.cfi_startproc
 193 0000 80B5     		push	{r7, lr}
 194              		.cfi_def_cfa_offset 8
 195              		.cfi_offset 7, -8
 196              		.cfi_offset 14, -4
 197 0002 86B0     		sub	sp, sp, #24
 198              		.cfi_def_cfa_offset 32
 199 0004 00AF     		add	r7, sp, #0
 200              		.cfi_def_cfa_register 7
 201 0006 3A60     		str	r2, [r7]
 202 0008 FB1D     		add	r3, r7, #7
 203 000a 021C     		add	r2, r0, #0
 204 000c 1A70     		strb	r2, [r3]
 205 000e BB1D     		add	r3, r7, #6
 206 0010 0A1C     		add	r2, r1, #0
 207 0012 1A70     		strb	r2, [r3]
 183:.\Generated_Source\PSoC4/BLE_dis.c ****     CYBLE_API_RESULT_T apiResult = CYBLE_ERROR_OK;
 208              		.loc 1 183 0
 209 0014 3B1C     		mov	r3, r7
 210 0016 1633     		add	r3, r3, #22
 211 0018 0022     		mov	r2, #0
 212 001a 1A80     		strh	r2, [r3]
 184:.\Generated_Source\PSoC4/BLE_dis.c ****     CYBLE_GATT_HANDLE_VALUE_PAIR_T locHandleValuePair;
 185:.\Generated_Source\PSoC4/BLE_dis.c **** 
 186:.\Generated_Source\PSoC4/BLE_dis.c ****     if(charIndex >= CYBLE_DIS_CHAR_COUNT)
ARM GAS  C:\Users\Shahed\AppData\Local\Temp\ccyqBfWp.s 			page 8


 213              		.loc 1 186 0
 214 001c FB1D     		add	r3, r7, #7
 215 001e 1B78     		ldrb	r3, [r3]
 216 0020 082B     		cmp	r3, #8
 217 0022 04D9     		bls	.L10
 187:.\Generated_Source\PSoC4/BLE_dis.c ****     {
 188:.\Generated_Source\PSoC4/BLE_dis.c ****         apiResult = CYBLE_ERROR_INVALID_PARAMETER;
 218              		.loc 1 188 0
 219 0024 3B1C     		mov	r3, r7
 220 0026 1633     		add	r3, r3, #22
 221 0028 0122     		mov	r2, #1
 222 002a 1A80     		strh	r2, [r3]
 223 002c 20E0     		b	.L11
 224              	.L10:
 189:.\Generated_Source\PSoC4/BLE_dis.c ****     }
 190:.\Generated_Source\PSoC4/BLE_dis.c ****     else
 191:.\Generated_Source\PSoC4/BLE_dis.c ****     {
 192:.\Generated_Source\PSoC4/BLE_dis.c ****         /* Read characteristic value from database */
 193:.\Generated_Source\PSoC4/BLE_dis.c ****         locHandleValuePair.attrHandle = cyBle_diss.charHandle[charIndex];
 225              		.loc 1 193 0
 226 002e FB1D     		add	r3, r7, #7
 227 0030 1B78     		ldrb	r3, [r3]
 228 0032 134A     		ldr	r2, .L13
 229 0034 5B00     		lsl	r3, r3, #1
 230 0036 D318     		add	r3, r2, r3
 231 0038 5A88     		ldrh	r2, [r3, #2]
 232 003a 3B1C     		mov	r3, r7
 233 003c 0833     		add	r3, r3, #8
 234 003e 1A81     		strh	r2, [r3, #8]
 194:.\Generated_Source\PSoC4/BLE_dis.c ****         locHandleValuePair.value.len = attrSize;
 235              		.loc 1 194 0
 236 0040 BB1D     		add	r3, r7, #6
 237 0042 1B78     		ldrb	r3, [r3]
 238 0044 9AB2     		uxth	r2, r3
 239 0046 3B1C     		mov	r3, r7
 240 0048 0833     		add	r3, r3, #8
 241 004a 9A80     		strh	r2, [r3, #4]
 195:.\Generated_Source\PSoC4/BLE_dis.c ****         locHandleValuePair.value.val = attrValue;
 242              		.loc 1 195 0
 243 004c 3B1C     		mov	r3, r7
 244 004e 0833     		add	r3, r3, #8
 245 0050 3A68     		ldr	r2, [r7]
 246 0052 1A60     		str	r2, [r3]
 196:.\Generated_Source\PSoC4/BLE_dis.c ****         if(CYBLE_GATT_ERR_NONE !=
 197:.\Generated_Source\PSoC4/BLE_dis.c ****             CyBle_GattsReadAttributeValue(&locHandleValuePair, NULL, CYBLE_GATT_DB_LOCALLY_INITIATE
 247              		.loc 1 197 0
 248 0054 3B1C     		mov	r3, r7
 249 0056 0833     		add	r3, r3, #8
 250 0058 181C     		mov	r0, r3
 251 005a 0021     		mov	r1, #0
 252 005c 0022     		mov	r2, #0
 253 005e FFF7FEFF 		bl	CyBle_GattsReadAttributeValue
 254 0062 031C     		mov	r3, r0
 196:.\Generated_Source\PSoC4/BLE_dis.c ****         if(CYBLE_GATT_ERR_NONE !=
 255              		.loc 1 196 0
 256 0064 002B     		cmp	r3, #0
 257 0066 03D0     		beq	.L11
ARM GAS  C:\Users\Shahed\AppData\Local\Temp\ccyqBfWp.s 			page 9


 198:.\Generated_Source\PSoC4/BLE_dis.c ****         {
 199:.\Generated_Source\PSoC4/BLE_dis.c ****             apiResult = CYBLE_ERROR_INVALID_PARAMETER;
 258              		.loc 1 199 0
 259 0068 3B1C     		mov	r3, r7
 260 006a 1633     		add	r3, r3, #22
 261 006c 0122     		mov	r2, #1
 262 006e 1A80     		strh	r2, [r3]
 263              	.L11:
 200:.\Generated_Source\PSoC4/BLE_dis.c ****         }
 201:.\Generated_Source\PSoC4/BLE_dis.c ****     }
 202:.\Generated_Source\PSoC4/BLE_dis.c ****     return (apiResult);
 264              		.loc 1 202 0
 265 0070 3B1C     		mov	r3, r7
 266 0072 1633     		add	r3, r3, #22
 267 0074 1B88     		ldrh	r3, [r3]
 203:.\Generated_Source\PSoC4/BLE_dis.c **** }
 268              		.loc 1 203 0
 269 0076 181C     		mov	r0, r3
 270 0078 BD46     		mov	sp, r7
 271 007a 06B0     		add	sp, sp, #24
 272              		@ sp needed
 273 007c 80BD     		pop	{r7, pc}
 274              	.L14:
 275 007e C046     		.align	2
 276              	.L13:
 277 0080 00000000 		.word	cyBle_diss
 278              		.cfi_endproc
 279              	.LFE5:
 280              		.size	CyBle_DissGetCharacteristicValue, .-CyBle_DissGetCharacteristicValue
 281              		.text
 282              	.Letext0:
 283              		.file 2 ".\\Generated_Source\\PSoC4\\cytypes.h"
 284              		.file 3 ".\\Generated_Source\\PSoC4\\BLE_Stack.h"
 285              		.file 4 ".\\Generated_Source\\PSoC4\\BLE_StackGatt.h"
 286              		.file 5 ".\\Generated_Source\\PSoC4\\BLE.h"
 287              		.file 6 ".\\Generated_Source\\PSoC4\\BLE_dis.h"
 288              		.file 7 ".\\Generated_Source\\PSoC4\\BLE_hts.h"
 289              		.section	.debug_info,"",%progbits
 290              	.Ldebug_info0:
 291 0000 24060000 		.4byte	0x624
 292 0004 0400     		.2byte	0x4
 293 0006 00000000 		.4byte	.Ldebug_abbrev0
 294 000a 04       		.byte	0x4
 295 000b 01       		.uleb128 0x1
 296 000c 7A0B0000 		.4byte	.LASF167
 297 0010 01       		.byte	0x1
 298 0011 570B0000 		.4byte	.LASF168
 299 0015 880D0000 		.4byte	.LASF169
 300 0019 00000000 		.4byte	.Ldebug_ranges0+0
 301 001d 00000000 		.4byte	0
 302 0021 00000000 		.4byte	.Ldebug_line0
 303 0025 02       		.uleb128 0x2
 304 0026 01       		.byte	0x1
 305 0027 06       		.byte	0x6
 306 0028 B3020000 		.4byte	.LASF0
 307 002c 02       		.uleb128 0x2
 308 002d 01       		.byte	0x1
ARM GAS  C:\Users\Shahed\AppData\Local\Temp\ccyqBfWp.s 			page 10


 309 002e 08       		.byte	0x8
 310 002f 790C0000 		.4byte	.LASF1
 311 0033 02       		.uleb128 0x2
 312 0034 02       		.byte	0x2
 313 0035 05       		.byte	0x5
 314 0036 46080000 		.4byte	.LASF2
 315 003a 02       		.uleb128 0x2
 316 003b 02       		.byte	0x2
 317 003c 07       		.byte	0x7
 318 003d 0C100000 		.4byte	.LASF3
 319 0041 02       		.uleb128 0x2
 320 0042 04       		.byte	0x4
 321 0043 05       		.byte	0x5
 322 0044 B3010000 		.4byte	.LASF4
 323 0048 02       		.uleb128 0x2
 324 0049 04       		.byte	0x4
 325 004a 07       		.byte	0x7
 326 004b 57060000 		.4byte	.LASF5
 327 004f 02       		.uleb128 0x2
 328 0050 08       		.byte	0x8
 329 0051 05       		.byte	0x5
 330 0052 A5020000 		.4byte	.LASF6
 331 0056 02       		.uleb128 0x2
 332 0057 08       		.byte	0x8
 333 0058 07       		.byte	0x7
 334 0059 90050000 		.4byte	.LASF7
 335 005d 03       		.uleb128 0x3
 336 005e 04       		.byte	0x4
 337 005f 05       		.byte	0x5
 338 0060 696E7400 		.ascii	"int\000"
 339 0064 02       		.uleb128 0x2
 340 0065 04       		.byte	0x4
 341 0066 07       		.byte	0x7
 342 0067 340F0000 		.4byte	.LASF8
 343 006b 04       		.uleb128 0x4
 344 006c 2E040000 		.4byte	.LASF9
 345 0070 02       		.byte	0x2
 346 0071 A1       		.byte	0xa1
 347 0072 2C000000 		.4byte	0x2c
 348 0076 04       		.uleb128 0x4
 349 0077 4E000000 		.4byte	.LASF10
 350 007b 02       		.byte	0x2
 351 007c A2       		.byte	0xa2
 352 007d 3A000000 		.4byte	0x3a
 353 0081 04       		.uleb128 0x4
 354 0082 B5040000 		.4byte	.LASF11
 355 0086 02       		.byte	0x2
 356 0087 A3       		.byte	0xa3
 357 0088 48000000 		.4byte	0x48
 358 008c 02       		.uleb128 0x2
 359 008d 04       		.byte	0x4
 360 008e 04       		.byte	0x4
 361 008f 510B0000 		.4byte	.LASF12
 362 0093 02       		.uleb128 0x2
 363 0094 08       		.byte	0x8
 364 0095 04       		.byte	0x4
 365 0096 53040000 		.4byte	.LASF13
ARM GAS  C:\Users\Shahed\AppData\Local\Temp\ccyqBfWp.s 			page 11


 366 009a 02       		.uleb128 0x2
 367 009b 01       		.byte	0x1
 368 009c 08       		.byte	0x8
 369 009d D60E0000 		.4byte	.LASF14
 370 00a1 02       		.uleb128 0x2
 371 00a2 04       		.byte	0x4
 372 00a3 07       		.byte	0x7
 373 00a4 A7090000 		.4byte	.LASF15
 374 00a8 05       		.uleb128 0x5
 375 00a9 04       		.byte	0x4
 376 00aa 06       		.uleb128 0x6
 377 00ab 01       		.byte	0x1
 378 00ac 03       		.byte	0x3
 379 00ad 58       		.byte	0x58
 380 00ae 1A020000 		.4byte	0x21a
 381 00b2 07       		.uleb128 0x7
 382 00b3 6C070000 		.4byte	.LASF16
 383 00b7 00       		.sleb128 0
 384 00b8 07       		.uleb128 0x7
 385 00b9 BF020000 		.4byte	.LASF17
 386 00bd 01       		.sleb128 1
 387 00be 07       		.uleb128 0x7
 388 00bf A1010000 		.4byte	.LASF18
 389 00c3 02       		.sleb128 2
 390 00c4 07       		.uleb128 0x7
 391 00c5 F30F0000 		.4byte	.LASF19
 392 00c9 03       		.sleb128 3
 393 00ca 07       		.uleb128 0x7
 394 00cb F4010000 		.4byte	.LASF20
 395 00cf 04       		.sleb128 4
 396 00d0 07       		.uleb128 0x7
 397 00d1 32000000 		.4byte	.LASF21
 398 00d5 05       		.sleb128 5
 399 00d6 07       		.uleb128 0x7
 400 00d7 8C120000 		.4byte	.LASF22
 401 00db 20       		.sleb128 32
 402 00dc 07       		.uleb128 0x7
 403 00dd 4B030000 		.4byte	.LASF23
 404 00e1 21       		.sleb128 33
 405 00e2 07       		.uleb128 0x7
 406 00e3 08110000 		.4byte	.LASF24
 407 00e7 22       		.sleb128 34
 408 00e8 07       		.uleb128 0x7
 409 00e9 50080000 		.4byte	.LASF25
 410 00ed 23       		.sleb128 35
 411 00ee 07       		.uleb128 0x7
 412 00ef 620A0000 		.4byte	.LASF26
 413 00f3 24       		.sleb128 36
 414 00f4 07       		.uleb128 0x7
 415 00f5 D5090000 		.4byte	.LASF27
 416 00f9 25       		.sleb128 37
 417 00fa 07       		.uleb128 0x7
 418 00fb E3030000 		.4byte	.LASF28
 419 00ff 26       		.sleb128 38
 420 0100 07       		.uleb128 0x7
 421 0101 EB070000 		.4byte	.LASF29
 422 0105 27       		.sleb128 39
ARM GAS  C:\Users\Shahed\AppData\Local\Temp\ccyqBfWp.s 			page 12


 423 0106 07       		.uleb128 0x7
 424 0107 120F0000 		.4byte	.LASF30
 425 010b 28       		.sleb128 40
 426 010c 07       		.uleb128 0x7
 427 010d 5D020000 		.4byte	.LASF31
 428 0111 29       		.sleb128 41
 429 0112 07       		.uleb128 0x7
 430 0113 00010000 		.4byte	.LASF32
 431 0117 2A       		.sleb128 42
 432 0118 07       		.uleb128 0x7
 433 0119 09020000 		.4byte	.LASF33
 434 011d 2B       		.sleb128 43
 435 011e 07       		.uleb128 0x7
 436 011f DD110000 		.4byte	.LASF34
 437 0123 2C       		.sleb128 44
 438 0124 07       		.uleb128 0x7
 439 0125 1F100000 		.4byte	.LASF35
 440 0129 C000     		.sleb128 64
 441 012b 07       		.uleb128 0x7
 442 012c 84080000 		.4byte	.LASF36
 443 0130 C100     		.sleb128 65
 444 0132 07       		.uleb128 0x7
 445 0133 E2050000 		.4byte	.LASF37
 446 0137 C200     		.sleb128 66
 447 0139 07       		.uleb128 0x7
 448 013a BD100000 		.4byte	.LASF38
 449 013e C300     		.sleb128 67
 450 0140 07       		.uleb128 0x7
 451 0141 A6060000 		.4byte	.LASF39
 452 0145 C400     		.sleb128 68
 453 0147 07       		.uleb128 0x7
 454 0148 2A0B0000 		.4byte	.LASF40
 455 014c C500     		.sleb128 69
 456 014e 07       		.uleb128 0x7
 457 014f 86090000 		.4byte	.LASF41
 458 0153 C600     		.sleb128 70
 459 0155 07       		.uleb128 0x7
 460 0156 83070000 		.4byte	.LASF42
 461 015a C700     		.sleb128 71
 462 015c 07       		.uleb128 0x7
 463 015d A9110000 		.4byte	.LASF43
 464 0161 C800     		.sleb128 72
 465 0163 07       		.uleb128 0x7
 466 0164 62030000 		.4byte	.LASF44
 467 0168 C900     		.sleb128 73
 468 016a 07       		.uleb128 0x7
 469 016b 2C110000 		.4byte	.LASF45
 470 016f CA00     		.sleb128 74
 471 0171 07       		.uleb128 0x7
 472 0172 4A010000 		.4byte	.LASF46
 473 0176 CB00     		.sleb128 75
 474 0178 07       		.uleb128 0x7
 475 0179 8C060000 		.4byte	.LASF47
 476 017d CC00     		.sleb128 76
 477 017f 07       		.uleb128 0x7
 478 0180 FD090000 		.4byte	.LASF48
 479 0184 CD00     		.sleb128 77
ARM GAS  C:\Users\Shahed\AppData\Local\Temp\ccyqBfWp.s 			page 13


 480 0186 07       		.uleb128 0x7
 481 0187 B0030000 		.4byte	.LASF49
 482 018b CE00     		.sleb128 78
 483 018d 07       		.uleb128 0x7
 484 018e 2C0E0000 		.4byte	.LASF50
 485 0192 CF00     		.sleb128 79
 486 0194 07       		.uleb128 0x7
 487 0195 69010000 		.4byte	.LASF51
 488 0199 D000     		.sleb128 80
 489 019b 07       		.uleb128 0x7
 490 019c 34040000 		.4byte	.LASF52
 491 01a0 D100     		.sleb128 81
 492 01a2 07       		.uleb128 0x7
 493 01a3 9B0A0000 		.4byte	.LASF53
 494 01a7 D200     		.sleb128 82
 495 01a9 07       		.uleb128 0x7
 496 01aa 4D0D0000 		.4byte	.LASF54
 497 01ae D300     		.sleb128 83
 498 01b0 07       		.uleb128 0x7
 499 01b1 550E0000 		.4byte	.LASF55
 500 01b5 D400     		.sleb128 84
 501 01b7 07       		.uleb128 0x7
 502 01b8 C4060000 		.4byte	.LASF56
 503 01bc D500     		.sleb128 85
 504 01be 07       		.uleb128 0x7
 505 01bf 04050000 		.4byte	.LASF57
 506 01c3 F000     		.sleb128 112
 507 01c5 07       		.uleb128 0x7
 508 01c6 4A120000 		.4byte	.LASF58
 509 01ca F100     		.sleb128 113
 510 01cc 07       		.uleb128 0x7
 511 01cd C4080000 		.4byte	.LASF59
 512 01d1 F200     		.sleb128 114
 513 01d3 07       		.uleb128 0x7
 514 01d4 68090000 		.4byte	.LASF60
 515 01d8 F300     		.sleb128 115
 516 01da 07       		.uleb128 0x7
 517 01db 0C0B0000 		.4byte	.LASF61
 518 01df F400     		.sleb128 116
 519 01e1 07       		.uleb128 0x7
 520 01e2 14120000 		.4byte	.LASF62
 521 01e6 F500     		.sleb128 117
 522 01e8 07       		.uleb128 0x7
 523 01e9 29010000 		.4byte	.LASF63
 524 01ed F600     		.sleb128 118
 525 01ef 07       		.uleb128 0x7
 526 01f0 55000000 		.4byte	.LASF64
 527 01f4 F700     		.sleb128 119
 528 01f6 07       		.uleb128 0x7
 529 01f7 00000000 		.4byte	.LASF65
 530 01fb F800     		.sleb128 120
 531 01fd 07       		.uleb128 0x7
 532 01fe 410F0000 		.4byte	.LASF66
 533 0202 F900     		.sleb128 121
 534 0204 07       		.uleb128 0x7
 535 0205 4C050000 		.4byte	.LASF67
 536 0209 FA00     		.sleb128 122
ARM GAS  C:\Users\Shahed\AppData\Local\Temp\ccyqBfWp.s 			page 14


 537 020b 07       		.uleb128 0x7
 538 020c 28020000 		.4byte	.LASF68
 539 0210 FA01     		.sleb128 250
 540 0212 07       		.uleb128 0x7
 541 0213 D3040000 		.4byte	.LASF69
 542 0217 FF01     		.sleb128 255
 543 0219 00       		.byte	0
 544 021a 08       		.uleb128 0x8
 545 021b 02       		.byte	0x2
 546 021c 03       		.byte	0x3
 547 021d 9A01     		.2byte	0x19a
 548 021f E6020000 		.4byte	0x2e6
 549 0223 07       		.uleb128 0x7
 550 0224 E1040000 		.4byte	.LASF70
 551 0228 00       		.sleb128 0
 552 0229 07       		.uleb128 0x7
 553 022a 5A040000 		.4byte	.LASF71
 554 022e 01       		.sleb128 1
 555 022f 07       		.uleb128 0x7
 556 0230 39100000 		.4byte	.LASF72
 557 0234 02       		.sleb128 2
 558 0235 07       		.uleb128 0x7
 559 0236 74000000 		.4byte	.LASF73
 560 023a 03       		.sleb128 3
 561 023b 07       		.uleb128 0x7
 562 023c E5100000 		.4byte	.LASF74
 563 0240 04       		.sleb128 4
 564 0241 07       		.uleb128 0x7
 565 0242 C4050000 		.4byte	.LASF75
 566 0246 05       		.sleb128 5
 567 0247 07       		.uleb128 0x7
 568 0248 6E0D0000 		.4byte	.LASF76
 569 024c 06       		.sleb128 6
 570 024d 07       		.uleb128 0x7
 571 024e 24030000 		.4byte	.LASF77
 572 0252 07       		.sleb128 7
 573 0253 07       		.uleb128 0x7
 574 0254 E1120000 		.4byte	.LASF78
 575 0258 08       		.sleb128 8
 576 0259 07       		.uleb128 0x7
 577 025a 70050000 		.4byte	.LASF79
 578 025e 09       		.sleb128 9
 579 025f 07       		.uleb128 0x7
 580 0260 360C0000 		.4byte	.LASF80
 581 0264 0A       		.sleb128 10
 582 0265 07       		.uleb128 0x7
 583 0266 F20E0000 		.4byte	.LASF81
 584 026a 0B       		.sleb128 11
 585 026b 07       		.uleb128 0x7
 586 026c 46020000 		.4byte	.LASF82
 587 0270 0C       		.sleb128 12
 588 0271 07       		.uleb128 0x7
 589 0272 BC010000 		.4byte	.LASF83
 590 0276 0D       		.sleb128 13
 591 0277 07       		.uleb128 0x7
 592 0278 2E060000 		.4byte	.LASF84
 593 027c 0E       		.sleb128 14
ARM GAS  C:\Users\Shahed\AppData\Local\Temp\ccyqBfWp.s 			page 15


 594 027d 07       		.uleb128 0x7
 595 027e 84110000 		.4byte	.LASF85
 596 0282 0F       		.sleb128 15
 597 0283 07       		.uleb128 0x7
 598 0284 980F0000 		.4byte	.LASF86
 599 0288 10       		.sleb128 16
 600 0289 07       		.uleb128 0x7
 601 028a 03070000 		.4byte	.LASF87
 602 028e 11       		.sleb128 17
 603 028f 07       		.uleb128 0x7
 604 0290 0B040000 		.4byte	.LASF88
 605 0294 12       		.sleb128 18
 606 0295 07       		.uleb128 0x7
 607 0296 B9120000 		.4byte	.LASF89
 608 029a 13       		.sleb128 19
 609 029b 07       		.uleb128 0x7
 610 029c 02030000 		.4byte	.LASF90
 611 02a0 27       		.sleb128 39
 612 02a1 07       		.uleb128 0x7
 613 02a2 9F080000 		.4byte	.LASF91
 614 02a6 28       		.sleb128 40
 615 02a7 07       		.uleb128 0x7
 616 02a8 68110000 		.4byte	.LASF92
 617 02ac 29       		.sleb128 41
 618 02ad 07       		.uleb128 0x7
 619 02ae 58090000 		.4byte	.LASF93
 620 02b2 FF01     		.sleb128 255
 621 02b4 07       		.uleb128 0x7
 622 02b5 CE030000 		.4byte	.LASF94
 623 02b9 8002     		.sleb128 256
 624 02bb 07       		.uleb128 0x7
 625 02bc 35120000 		.4byte	.LASF95
 626 02c0 8102     		.sleb128 257
 627 02c2 07       		.uleb128 0x7
 628 02c3 42090000 		.4byte	.LASF96
 629 02c7 8202     		.sleb128 258
 630 02c9 07       		.uleb128 0x7
 631 02ca 88010000 		.4byte	.LASF97
 632 02ce 8302     		.sleb128 259
 633 02d0 07       		.uleb128 0x7
 634 02d1 BC0A0000 		.4byte	.LASF98
 635 02d5 8402     		.sleb128 260
 636 02d7 07       		.uleb128 0x7
 637 02d8 0A0D0000 		.4byte	.LASF99
 638 02dc 8502     		.sleb128 261
 639 02de 07       		.uleb128 0x7
 640 02df 96030000 		.4byte	.LASF100
 641 02e3 8602     		.sleb128 262
 642 02e5 00       		.byte	0
 643 02e6 09       		.uleb128 0x9
 644 02e7 880A0000 		.4byte	.LASF101
 645 02eb 03       		.byte	0x3
 646 02ec F401     		.2byte	0x1f4
 647 02ee 1A020000 		.4byte	0x21a
 648 02f2 0A       		.uleb128 0xa
 649 02f3 04       		.byte	0x4
 650 02f4 6B000000 		.4byte	0x6b
ARM GAS  C:\Users\Shahed\AppData\Local\Temp\ccyqBfWp.s 			page 16


 651 02f8 06       		.uleb128 0x6
 652 02f9 01       		.byte	0x1
 653 02fa 04       		.byte	0x4
 654 02fb A4       		.byte	0xa4
 655 02fc B3030000 		.4byte	0x3b3
 656 0300 07       		.uleb128 0x7
 657 0301 F0040000 		.4byte	.LASF102
 658 0305 00       		.sleb128 0
 659 0306 07       		.uleb128 0x7
 660 0307 D4000000 		.4byte	.LASF103
 661 030b 01       		.sleb128 1
 662 030c 07       		.uleb128 0x7
 663 030d 2A050000 		.4byte	.LASF104
 664 0311 02       		.sleb128 2
 665 0312 07       		.uleb128 0x7
 666 0313 27070000 		.4byte	.LASF105
 667 0317 03       		.sleb128 3
 668 0318 07       		.uleb128 0x7
 669 0319 7B030000 		.4byte	.LASF106
 670 031d 04       		.sleb128 4
 671 031e 07       		.uleb128 0x7
 672 031f 7A020000 		.4byte	.LASF107
 673 0323 05       		.sleb128 5
 674 0324 07       		.uleb128 0x7
 675 0325 99000000 		.4byte	.LASF108
 676 0329 06       		.sleb128 6
 677 032a 07       		.uleb128 0x7
 678 032b 4A110000 		.4byte	.LASF109
 679 032f 07       		.sleb128 7
 680 0330 07       		.uleb128 0x7
 681 0331 380A0000 		.4byte	.LASF110
 682 0335 08       		.sleb128 8
 683 0336 07       		.uleb128 0x7
 684 0337 F60B0000 		.4byte	.LASF111
 685 033b 09       		.sleb128 9
 686 033c 07       		.uleb128 0x7
 687 033d 69060000 		.4byte	.LASF112
 688 0341 0A       		.sleb128 10
 689 0342 07       		.uleb128 0x7
 690 0343 4A070000 		.4byte	.LASF113
 691 0347 0B       		.sleb128 11
 692 0348 07       		.uleb128 0x7
 693 0349 A1070000 		.4byte	.LASF114
 694 034d 0C       		.sleb128 12
 695 034e 07       		.uleb128 0x7
 696 034f 9C0C0000 		.4byte	.LASF115
 697 0353 0D       		.sleb128 13
 698 0354 07       		.uleb128 0x7
 699 0355 640F0000 		.4byte	.LASF116
 700 0359 0E       		.sleb128 14
 701 035a 07       		.uleb128 0x7
 702 035b 85100000 		.4byte	.LASF117
 703 035f 0F       		.sleb128 15
 704 0360 07       		.uleb128 0x7
 705 0361 78040000 		.4byte	.LASF118
 706 0365 10       		.sleb128 16
 707 0366 07       		.uleb128 0x7
ARM GAS  C:\Users\Shahed\AppData\Local\Temp\ccyqBfWp.s 			page 17


 708 0367 B0090000 		.4byte	.LASF119
 709 036b 11       		.sleb128 17
 710 036c 07       		.uleb128 0x7
 711 036d A00E0000 		.4byte	.LASF120
 712 0371 8001     		.sleb128 128
 713 0373 07       		.uleb128 0x7
 714 0374 57100000 		.4byte	.LASF121
 715 0378 8001     		.sleb128 128
 716 037a 07       		.uleb128 0x7
 717 037b E0080000 		.4byte	.LASF122
 718 037f 8001     		.sleb128 128
 719 0381 07       		.uleb128 0x7
 720 0382 26080000 		.4byte	.LASF123
 721 0386 8001     		.sleb128 128
 722 0388 07       		.uleb128 0x7
 723 0389 00060000 		.4byte	.LASF124
 724 038d 8001     		.sleb128 128
 725 038f 07       		.uleb128 0x7
 726 0390 C10C0000 		.4byte	.LASF125
 727 0394 8101     		.sleb128 129
 728 0396 07       		.uleb128 0x7
 729 0397 030E0000 		.4byte	.LASF126
 730 039b A001     		.sleb128 160
 731 039d 07       		.uleb128 0x7
 732 039e 760E0000 		.4byte	.LASF127
 733 03a2 FD01     		.sleb128 253
 734 03a4 07       		.uleb128 0x7
 735 03a5 C60F0000 		.4byte	.LASF128
 736 03a9 FE01     		.sleb128 254
 737 03ab 07       		.uleb128 0x7
 738 03ac 5D0C0000 		.4byte	.LASF129
 739 03b0 FF01     		.sleb128 255
 740 03b2 00       		.byte	0
 741 03b3 09       		.uleb128 0x9
 742 03b4 D2020000 		.4byte	.LASF130
 743 03b8 04       		.byte	0x4
 744 03b9 5201     		.2byte	0x152
 745 03bb 76000000 		.4byte	0x76
 746 03bf 0B       		.uleb128 0xb
 747 03c0 08       		.byte	0x8
 748 03c1 04       		.byte	0x4
 749 03c2 7901     		.2byte	0x179
 750 03c4 F0030000 		.4byte	0x3f0
 751 03c8 0C       		.uleb128 0xc
 752 03c9 76616C00 		.ascii	"val\000"
 753 03cd 04       		.byte	0x4
 754 03ce 7C01     		.2byte	0x17c
 755 03d0 F2020000 		.4byte	0x2f2
 756 03d4 00       		.byte	0
 757 03d5 0C       		.uleb128 0xc
 758 03d6 6C656E00 		.ascii	"len\000"
 759 03da 04       		.byte	0x4
 760 03db 7F01     		.2byte	0x17f
 761 03dd 76000000 		.4byte	0x76
 762 03e1 04       		.byte	0x4
 763 03e2 0D       		.uleb128 0xd
 764 03e3 41030000 		.4byte	.LASF131
ARM GAS  C:\Users\Shahed\AppData\Local\Temp\ccyqBfWp.s 			page 18


 765 03e7 04       		.byte	0x4
 766 03e8 8601     		.2byte	0x186
 767 03ea 76000000 		.4byte	0x76
 768 03ee 06       		.byte	0x6
 769 03ef 00       		.byte	0
 770 03f0 09       		.uleb128 0x9
 771 03f1 E1010000 		.4byte	.LASF132
 772 03f5 04       		.byte	0x4
 773 03f6 8801     		.2byte	0x188
 774 03f8 BF030000 		.4byte	0x3bf
 775 03fc 0B       		.uleb128 0xb
 776 03fd 0C       		.byte	0xc
 777 03fe 04       		.byte	0x4
 778 03ff 8B01     		.2byte	0x18b
 779 0401 20040000 		.4byte	0x420
 780 0405 0D       		.uleb128 0xd
 781 0406 A7050000 		.4byte	.LASF133
 782 040a 04       		.byte	0x4
 783 040b 8E01     		.2byte	0x18e
 784 040d F0030000 		.4byte	0x3f0
 785 0411 00       		.byte	0
 786 0412 0D       		.uleb128 0xd
 787 0413 85050000 		.4byte	.LASF134
 788 0417 04       		.byte	0x4
 789 0418 9101     		.2byte	0x191
 790 041a B3030000 		.4byte	0x3b3
 791 041e 08       		.byte	0x8
 792 041f 00       		.byte	0
 793 0420 09       		.uleb128 0x9
 794 0421 D50A0000 		.4byte	.LASF135
 795 0425 04       		.byte	0x4
 796 0426 9301     		.2byte	0x193
 797 0428 FC030000 		.4byte	0x3fc
 798 042c 09       		.uleb128 0x9
 799 042d AC100000 		.4byte	.LASF136
 800 0431 05       		.byte	0x5
 801 0432 0101     		.2byte	0x101
 802 0434 38040000 		.4byte	0x438
 803 0438 0A       		.uleb128 0xa
 804 0439 04       		.byte	0x4
 805 043a 3E040000 		.4byte	0x43e
 806 043e 0E       		.uleb128 0xe
 807 043f 4E040000 		.4byte	0x44e
 808 0443 0F       		.uleb128 0xf
 809 0444 81000000 		.4byte	0x81
 810 0448 0F       		.uleb128 0xf
 811 0449 A8000000 		.4byte	0xa8
 812 044d 00       		.byte	0
 813 044e 06       		.uleb128 0x6
 814 044f 01       		.byte	0x1
 815 0450 06       		.byte	0x6
 816 0451 1D       		.byte	0x1d
 817 0452 93040000 		.4byte	0x493
 818 0456 07       		.uleb128 0x7
 819 0457 70120000 		.4byte	.LASF137
 820 045b 00       		.sleb128 0
 821 045c 07       		.uleb128 0x7
ARM GAS  C:\Users\Shahed\AppData\Local\Temp\ccyqBfWp.s 			page 19


 822 045d DB0E0000 		.4byte	.LASF138
 823 0461 01       		.sleb128 1
 824 0462 07       		.uleb128 0x7
 825 0463 1E0C0000 		.4byte	.LASF139
 826 0467 02       		.sleb128 2
 827 0468 07       		.uleb128 0x7
 828 0469 BC040000 		.4byte	.LASF140
 829 046d 03       		.sleb128 3
 830 046e 07       		.uleb128 0x7
 831 046f 9E040000 		.4byte	.LASF141
 832 0473 04       		.sleb128 4
 833 0474 07       		.uleb128 0x7
 834 0475 EC0D0000 		.4byte	.LASF142
 835 0479 05       		.sleb128 5
 836 047a 07       		.uleb128 0x7
 837 047b 2E090000 		.4byte	.LASF143
 838 047f 06       		.sleb128 6
 839 0480 07       		.uleb128 0x7
 840 0481 F40A0000 		.4byte	.LASF144
 841 0485 07       		.sleb128 7
 842 0486 07       		.uleb128 0x7
 843 0487 15080000 		.4byte	.LASF145
 844 048b 08       		.sleb128 8
 845 048c 07       		.uleb128 0x7
 846 048d 870C0000 		.4byte	.LASF146
 847 0491 09       		.sleb128 9
 848 0492 00       		.byte	0
 849 0493 04       		.uleb128 0x4
 850 0494 AD050000 		.4byte	.LASF147
 851 0498 06       		.byte	0x6
 852 0499 29       		.byte	0x29
 853 049a 4E040000 		.4byte	0x44e
 854 049e 10       		.uleb128 0x10
 855 049f 14       		.byte	0x14
 856 04a0 06       		.byte	0x6
 857 04a1 2E       		.byte	0x2e
 858 04a2 BF040000 		.4byte	0x4bf
 859 04a6 11       		.uleb128 0x11
 860 04a7 76080000 		.4byte	.LASF148
 861 04ab 06       		.byte	0x6
 862 04ac 31       		.byte	0x31
 863 04ad B3030000 		.4byte	0x3b3
 864 04b1 00       		.byte	0
 865 04b2 11       		.uleb128 0x11
 866 04b3 2D0D0000 		.4byte	.LASF149
 867 04b7 06       		.byte	0x6
 868 04b8 34       		.byte	0x34
 869 04b9 BF040000 		.4byte	0x4bf
 870 04bd 02       		.byte	0x2
 871 04be 00       		.byte	0
 872 04bf 12       		.uleb128 0x12
 873 04c0 B3030000 		.4byte	0x3b3
 874 04c4 CF040000 		.4byte	0x4cf
 875 04c8 13       		.uleb128 0x13
 876 04c9 A1000000 		.4byte	0xa1
 877 04cd 08       		.byte	0x8
 878 04ce 00       		.byte	0
ARM GAS  C:\Users\Shahed\AppData\Local\Temp\ccyqBfWp.s 			page 20


 879 04cf 04       		.uleb128 0x4
 880 04d0 D0110000 		.4byte	.LASF150
 881 04d4 06       		.byte	0x6
 882 04d5 35       		.byte	0x35
 883 04d6 9E040000 		.4byte	0x49e
 884 04da 06       		.uleb128 0x6
 885 04db 01       		.byte	0x1
 886 04dc 07       		.byte	0x7
 887 04dd 1C       		.byte	0x1c
 888 04de 01050000 		.4byte	0x501
 889 04e2 07       		.uleb128 0x7
 890 04e3 17090000 		.4byte	.LASF151
 891 04e7 00       		.sleb128 0
 892 04e8 07       		.uleb128 0x7
 893 04e9 EE020000 		.4byte	.LASF152
 894 04ed 01       		.sleb128 1
 895 04ee 07       		.uleb128 0x7
 896 04ef BE000000 		.4byte	.LASF153
 897 04f3 02       		.sleb128 2
 898 04f4 07       		.uleb128 0x7
 899 04f5 E8060000 		.4byte	.LASF154
 900 04f9 03       		.sleb128 3
 901 04fa 07       		.uleb128 0x7
 902 04fb 380D0000 		.4byte	.LASF155
 903 04ff 04       		.sleb128 4
 904 0500 00       		.byte	0
 905 0501 06       		.uleb128 0x6
 906 0502 01       		.byte	0x1
 907 0503 07       		.byte	0x7
 908 0504 27       		.byte	0x27
 909 0505 1C050000 		.4byte	0x51c
 910 0509 07       		.uleb128 0x7
 911 050a 23000000 		.4byte	.LASF156
 912 050e 00       		.sleb128 0
 913 050f 07       		.uleb128 0x7
 914 0510 EF090000 		.4byte	.LASF157
 915 0514 01       		.sleb128 1
 916 0515 07       		.uleb128 0x7
 917 0516 820F0000 		.4byte	.LASF158
 918 051a 02       		.sleb128 2
 919 051b 00       		.byte	0
 920 051c 14       		.uleb128 0x14
 921 051d F2000000 		.4byte	.LASF170
 922 0521 01       		.byte	0x1
 923 0522 3D       		.byte	0x3d
 924 0523 00000000 		.4byte	.LFB2
 925 0527 08000000 		.4byte	.LFE2-.LFB2
 926 052b 01       		.uleb128 0x1
 927 052c 9C       		.byte	0x9c
 928 052d 15       		.uleb128 0x15
 929 052e EC0C0000 		.4byte	.LASF171
 930 0532 01       		.byte	0x1
 931 0533 62       		.byte	0x62
 932 0534 00000000 		.4byte	.LFB3
 933 0538 0E000000 		.4byte	.LFE3-.LFB3
 934 053c 01       		.uleb128 0x1
 935 053d 9C       		.byte	0x9c
ARM GAS  C:\Users\Shahed\AppData\Local\Temp\ccyqBfWp.s 			page 21


 936 053e 51050000 		.4byte	0x551
 937 0542 16       		.uleb128 0x16
 938 0543 500C0000 		.4byte	.LASF159
 939 0547 01       		.byte	0x1
 940 0548 62       		.byte	0x62
 941 0549 2C040000 		.4byte	0x42c
 942 054d 02       		.uleb128 0x2
 943 054e 91       		.byte	0x91
 944 054f 74       		.sleb128 -12
 945 0550 00       		.byte	0
 946 0551 17       		.uleb128 0x17
 947 0552 CA070000 		.4byte	.LASF165
 948 0556 01       		.byte	0x1
 949 0557 87       		.byte	0x87
 950 0558 E6020000 		.4byte	0x2e6
 951 055c 00000000 		.4byte	.LFB4
 952 0560 84000000 		.4byte	.LFE4-.LFB4
 953 0564 01       		.uleb128 0x1
 954 0565 9C       		.byte	0x9c
 955 0566 B1050000 		.4byte	0x5b1
 956 056a 16       		.uleb128 0x16
 957 056b DB100000 		.4byte	.LASF160
 958 056f 01       		.byte	0x1
 959 0570 87       		.byte	0x87
 960 0571 93040000 		.4byte	0x493
 961 0575 02       		.uleb128 0x2
 962 0576 91       		.byte	0x91
 963 0577 67       		.sleb128 -25
 964 0578 16       		.uleb128 0x16
 965 0579 B0120000 		.4byte	.LASF161
 966 057d 01       		.byte	0x1
 967 057e 87       		.byte	0x87
 968 057f 6B000000 		.4byte	0x6b
 969 0583 02       		.uleb128 0x2
 970 0584 91       		.byte	0x91
 971 0585 66       		.sleb128 -26
 972 0586 16       		.uleb128 0x16
 973 0587 4B0E0000 		.4byte	.LASF162
 974 058b 01       		.byte	0x1
 975 058c 87       		.byte	0x87
 976 058d F2020000 		.4byte	0x2f2
 977 0591 02       		.uleb128 0x2
 978 0592 91       		.byte	0x91
 979 0593 60       		.sleb128 -32
 980 0594 18       		.uleb128 0x18
 981 0595 7E0A0000 		.4byte	.LASF163
 982 0599 01       		.byte	0x1
 983 059a 89       		.byte	0x89
 984 059b E6020000 		.4byte	0x2e6
 985 059f 02       		.uleb128 0x2
 986 05a0 91       		.byte	0x91
 987 05a1 76       		.sleb128 -10
 988 05a2 18       		.uleb128 0x18
 989 05a3 01120000 		.4byte	.LASF164
 990 05a7 01       		.byte	0x1
 991 05a8 8A       		.byte	0x8a
 992 05a9 20040000 		.4byte	0x420
ARM GAS  C:\Users\Shahed\AppData\Local\Temp\ccyqBfWp.s 			page 22


 993 05ad 02       		.uleb128 0x2
 994 05ae 91       		.byte	0x91
 995 05af 68       		.sleb128 -24
 996 05b0 00       		.byte	0
 997 05b1 17       		.uleb128 0x17
 998 05b2 170A0000 		.4byte	.LASF166
 999 05b6 01       		.byte	0x1
 1000 05b7 B5       		.byte	0xb5
 1001 05b8 E6020000 		.4byte	0x2e6
 1002 05bc 00000000 		.4byte	.LFB5
 1003 05c0 84000000 		.4byte	.LFE5-.LFB5
 1004 05c4 01       		.uleb128 0x1
 1005 05c5 9C       		.byte	0x9c
 1006 05c6 11060000 		.4byte	0x611
 1007 05ca 16       		.uleb128 0x16
 1008 05cb DB100000 		.4byte	.LASF160
 1009 05cf 01       		.byte	0x1
 1010 05d0 B5       		.byte	0xb5
 1011 05d1 93040000 		.4byte	0x493
 1012 05d5 02       		.uleb128 0x2
 1013 05d6 91       		.byte	0x91
 1014 05d7 67       		.sleb128 -25
 1015 05d8 16       		.uleb128 0x16
 1016 05d9 B0120000 		.4byte	.LASF161
 1017 05dd 01       		.byte	0x1
 1018 05de B5       		.byte	0xb5
 1019 05df 6B000000 		.4byte	0x6b
 1020 05e3 02       		.uleb128 0x2
 1021 05e4 91       		.byte	0x91
 1022 05e5 66       		.sleb128 -26
 1023 05e6 16       		.uleb128 0x16
 1024 05e7 4B0E0000 		.4byte	.LASF162
 1025 05eb 01       		.byte	0x1
 1026 05ec B5       		.byte	0xb5
 1027 05ed F2020000 		.4byte	0x2f2
 1028 05f1 02       		.uleb128 0x2
 1029 05f2 91       		.byte	0x91
 1030 05f3 60       		.sleb128 -32
 1031 05f4 18       		.uleb128 0x18
 1032 05f5 7E0A0000 		.4byte	.LASF163
 1033 05f9 01       		.byte	0x1
 1034 05fa B7       		.byte	0xb7
 1035 05fb E6020000 		.4byte	0x2e6
 1036 05ff 02       		.uleb128 0x2
 1037 0600 91       		.byte	0x91
 1038 0601 76       		.sleb128 -10
 1039 0602 18       		.uleb128 0x18
 1040 0603 01120000 		.4byte	.LASF164
 1041 0607 01       		.byte	0x1
 1042 0608 B8       		.byte	0xb8
 1043 0609 20040000 		.4byte	0x420
 1044 060d 02       		.uleb128 0x2
 1045 060e 91       		.byte	0x91
 1046 060f 68       		.sleb128 -24
 1047 0610 00       		.byte	0
 1048 0611 19       		.uleb128 0x19
 1049 0612 0A080000 		.4byte	.LASF172
ARM GAS  C:\Users\Shahed\AppData\Local\Temp\ccyqBfWp.s 			page 23


 1050 0616 01       		.byte	0x1
 1051 0617 14       		.byte	0x14
 1052 0618 22060000 		.4byte	0x622
 1053 061c 05       		.uleb128 0x5
 1054 061d 03       		.byte	0x3
 1055 061e 00000000 		.4byte	cyBle_diss
 1056 0622 1A       		.uleb128 0x1a
 1057 0623 CF040000 		.4byte	0x4cf
 1058 0627 00       		.byte	0
 1059              		.section	.debug_abbrev,"",%progbits
 1060              	.Ldebug_abbrev0:
 1061 0000 01       		.uleb128 0x1
 1062 0001 11       		.uleb128 0x11
 1063 0002 01       		.byte	0x1
 1064 0003 25       		.uleb128 0x25
 1065 0004 0E       		.uleb128 0xe
 1066 0005 13       		.uleb128 0x13
 1067 0006 0B       		.uleb128 0xb
 1068 0007 03       		.uleb128 0x3
 1069 0008 0E       		.uleb128 0xe
 1070 0009 1B       		.uleb128 0x1b
 1071 000a 0E       		.uleb128 0xe
 1072 000b 55       		.uleb128 0x55
 1073 000c 17       		.uleb128 0x17
 1074 000d 11       		.uleb128 0x11
 1075 000e 01       		.uleb128 0x1
 1076 000f 10       		.uleb128 0x10
 1077 0010 17       		.uleb128 0x17
 1078 0011 00       		.byte	0
 1079 0012 00       		.byte	0
 1080 0013 02       		.uleb128 0x2
 1081 0014 24       		.uleb128 0x24
 1082 0015 00       		.byte	0
 1083 0016 0B       		.uleb128 0xb
 1084 0017 0B       		.uleb128 0xb
 1085 0018 3E       		.uleb128 0x3e
 1086 0019 0B       		.uleb128 0xb
 1087 001a 03       		.uleb128 0x3
 1088 001b 0E       		.uleb128 0xe
 1089 001c 00       		.byte	0
 1090 001d 00       		.byte	0
 1091 001e 03       		.uleb128 0x3
 1092 001f 24       		.uleb128 0x24
 1093 0020 00       		.byte	0
 1094 0021 0B       		.uleb128 0xb
 1095 0022 0B       		.uleb128 0xb
 1096 0023 3E       		.uleb128 0x3e
 1097 0024 0B       		.uleb128 0xb
 1098 0025 03       		.uleb128 0x3
 1099 0026 08       		.uleb128 0x8
 1100 0027 00       		.byte	0
 1101 0028 00       		.byte	0
 1102 0029 04       		.uleb128 0x4
 1103 002a 16       		.uleb128 0x16
 1104 002b 00       		.byte	0
 1105 002c 03       		.uleb128 0x3
 1106 002d 0E       		.uleb128 0xe
ARM GAS  C:\Users\Shahed\AppData\Local\Temp\ccyqBfWp.s 			page 24


 1107 002e 3A       		.uleb128 0x3a
 1108 002f 0B       		.uleb128 0xb
 1109 0030 3B       		.uleb128 0x3b
 1110 0031 0B       		.uleb128 0xb
 1111 0032 49       		.uleb128 0x49
 1112 0033 13       		.uleb128 0x13
 1113 0034 00       		.byte	0
 1114 0035 00       		.byte	0
 1115 0036 05       		.uleb128 0x5
 1116 0037 0F       		.uleb128 0xf
 1117 0038 00       		.byte	0
 1118 0039 0B       		.uleb128 0xb
 1119 003a 0B       		.uleb128 0xb
 1120 003b 00       		.byte	0
 1121 003c 00       		.byte	0
 1122 003d 06       		.uleb128 0x6
 1123 003e 04       		.uleb128 0x4
 1124 003f 01       		.byte	0x1
 1125 0040 0B       		.uleb128 0xb
 1126 0041 0B       		.uleb128 0xb
 1127 0042 3A       		.uleb128 0x3a
 1128 0043 0B       		.uleb128 0xb
 1129 0044 3B       		.uleb128 0x3b
 1130 0045 0B       		.uleb128 0xb
 1131 0046 01       		.uleb128 0x1
 1132 0047 13       		.uleb128 0x13
 1133 0048 00       		.byte	0
 1134 0049 00       		.byte	0
 1135 004a 07       		.uleb128 0x7
 1136 004b 28       		.uleb128 0x28
 1137 004c 00       		.byte	0
 1138 004d 03       		.uleb128 0x3
 1139 004e 0E       		.uleb128 0xe
 1140 004f 1C       		.uleb128 0x1c
 1141 0050 0D       		.uleb128 0xd
 1142 0051 00       		.byte	0
 1143 0052 00       		.byte	0
 1144 0053 08       		.uleb128 0x8
 1145 0054 04       		.uleb128 0x4
 1146 0055 01       		.byte	0x1
 1147 0056 0B       		.uleb128 0xb
 1148 0057 0B       		.uleb128 0xb
 1149 0058 3A       		.uleb128 0x3a
 1150 0059 0B       		.uleb128 0xb
 1151 005a 3B       		.uleb128 0x3b
 1152 005b 05       		.uleb128 0x5
 1153 005c 01       		.uleb128 0x1
 1154 005d 13       		.uleb128 0x13
 1155 005e 00       		.byte	0
 1156 005f 00       		.byte	0
 1157 0060 09       		.uleb128 0x9
 1158 0061 16       		.uleb128 0x16
 1159 0062 00       		.byte	0
 1160 0063 03       		.uleb128 0x3
 1161 0064 0E       		.uleb128 0xe
 1162 0065 3A       		.uleb128 0x3a
 1163 0066 0B       		.uleb128 0xb
ARM GAS  C:\Users\Shahed\AppData\Local\Temp\ccyqBfWp.s 			page 25


 1164 0067 3B       		.uleb128 0x3b
 1165 0068 05       		.uleb128 0x5
 1166 0069 49       		.uleb128 0x49
 1167 006a 13       		.uleb128 0x13
 1168 006b 00       		.byte	0
 1169 006c 00       		.byte	0
 1170 006d 0A       		.uleb128 0xa
 1171 006e 0F       		.uleb128 0xf
 1172 006f 00       		.byte	0
 1173 0070 0B       		.uleb128 0xb
 1174 0071 0B       		.uleb128 0xb
 1175 0072 49       		.uleb128 0x49
 1176 0073 13       		.uleb128 0x13
 1177 0074 00       		.byte	0
 1178 0075 00       		.byte	0
 1179 0076 0B       		.uleb128 0xb
 1180 0077 13       		.uleb128 0x13
 1181 0078 01       		.byte	0x1
 1182 0079 0B       		.uleb128 0xb
 1183 007a 0B       		.uleb128 0xb
 1184 007b 3A       		.uleb128 0x3a
 1185 007c 0B       		.uleb128 0xb
 1186 007d 3B       		.uleb128 0x3b
 1187 007e 05       		.uleb128 0x5
 1188 007f 01       		.uleb128 0x1
 1189 0080 13       		.uleb128 0x13
 1190 0081 00       		.byte	0
 1191 0082 00       		.byte	0
 1192 0083 0C       		.uleb128 0xc
 1193 0084 0D       		.uleb128 0xd
 1194 0085 00       		.byte	0
 1195 0086 03       		.uleb128 0x3
 1196 0087 08       		.uleb128 0x8
 1197 0088 3A       		.uleb128 0x3a
 1198 0089 0B       		.uleb128 0xb
 1199 008a 3B       		.uleb128 0x3b
 1200 008b 05       		.uleb128 0x5
 1201 008c 49       		.uleb128 0x49
 1202 008d 13       		.uleb128 0x13
 1203 008e 38       		.uleb128 0x38
 1204 008f 0B       		.uleb128 0xb
 1205 0090 00       		.byte	0
 1206 0091 00       		.byte	0
 1207 0092 0D       		.uleb128 0xd
 1208 0093 0D       		.uleb128 0xd
 1209 0094 00       		.byte	0
 1210 0095 03       		.uleb128 0x3
 1211 0096 0E       		.uleb128 0xe
 1212 0097 3A       		.uleb128 0x3a
 1213 0098 0B       		.uleb128 0xb
 1214 0099 3B       		.uleb128 0x3b
 1215 009a 05       		.uleb128 0x5
 1216 009b 49       		.uleb128 0x49
 1217 009c 13       		.uleb128 0x13
 1218 009d 38       		.uleb128 0x38
 1219 009e 0B       		.uleb128 0xb
 1220 009f 00       		.byte	0
ARM GAS  C:\Users\Shahed\AppData\Local\Temp\ccyqBfWp.s 			page 26


 1221 00a0 00       		.byte	0
 1222 00a1 0E       		.uleb128 0xe
 1223 00a2 15       		.uleb128 0x15
 1224 00a3 01       		.byte	0x1
 1225 00a4 27       		.uleb128 0x27
 1226 00a5 19       		.uleb128 0x19
 1227 00a6 01       		.uleb128 0x1
 1228 00a7 13       		.uleb128 0x13
 1229 00a8 00       		.byte	0
 1230 00a9 00       		.byte	0
 1231 00aa 0F       		.uleb128 0xf
 1232 00ab 05       		.uleb128 0x5
 1233 00ac 00       		.byte	0
 1234 00ad 49       		.uleb128 0x49
 1235 00ae 13       		.uleb128 0x13
 1236 00af 00       		.byte	0
 1237 00b0 00       		.byte	0
 1238 00b1 10       		.uleb128 0x10
 1239 00b2 13       		.uleb128 0x13
 1240 00b3 01       		.byte	0x1
 1241 00b4 0B       		.uleb128 0xb
 1242 00b5 0B       		.uleb128 0xb
 1243 00b6 3A       		.uleb128 0x3a
 1244 00b7 0B       		.uleb128 0xb
 1245 00b8 3B       		.uleb128 0x3b
 1246 00b9 0B       		.uleb128 0xb
 1247 00ba 01       		.uleb128 0x1
 1248 00bb 13       		.uleb128 0x13
 1249 00bc 00       		.byte	0
 1250 00bd 00       		.byte	0
 1251 00be 11       		.uleb128 0x11
 1252 00bf 0D       		.uleb128 0xd
 1253 00c0 00       		.byte	0
 1254 00c1 03       		.uleb128 0x3
 1255 00c2 0E       		.uleb128 0xe
 1256 00c3 3A       		.uleb128 0x3a
 1257 00c4 0B       		.uleb128 0xb
 1258 00c5 3B       		.uleb128 0x3b
 1259 00c6 0B       		.uleb128 0xb
 1260 00c7 49       		.uleb128 0x49
 1261 00c8 13       		.uleb128 0x13
 1262 00c9 38       		.uleb128 0x38
 1263 00ca 0B       		.uleb128 0xb
 1264 00cb 00       		.byte	0
 1265 00cc 00       		.byte	0
 1266 00cd 12       		.uleb128 0x12
 1267 00ce 01       		.uleb128 0x1
 1268 00cf 01       		.byte	0x1
 1269 00d0 49       		.uleb128 0x49
 1270 00d1 13       		.uleb128 0x13
 1271 00d2 01       		.uleb128 0x1
 1272 00d3 13       		.uleb128 0x13
 1273 00d4 00       		.byte	0
 1274 00d5 00       		.byte	0
 1275 00d6 13       		.uleb128 0x13
 1276 00d7 21       		.uleb128 0x21
 1277 00d8 00       		.byte	0
ARM GAS  C:\Users\Shahed\AppData\Local\Temp\ccyqBfWp.s 			page 27


 1278 00d9 49       		.uleb128 0x49
 1279 00da 13       		.uleb128 0x13
 1280 00db 2F       		.uleb128 0x2f
 1281 00dc 0B       		.uleb128 0xb
 1282 00dd 00       		.byte	0
 1283 00de 00       		.byte	0
 1284 00df 14       		.uleb128 0x14
 1285 00e0 2E       		.uleb128 0x2e
 1286 00e1 00       		.byte	0
 1287 00e2 3F       		.uleb128 0x3f
 1288 00e3 19       		.uleb128 0x19
 1289 00e4 03       		.uleb128 0x3
 1290 00e5 0E       		.uleb128 0xe
 1291 00e6 3A       		.uleb128 0x3a
 1292 00e7 0B       		.uleb128 0xb
 1293 00e8 3B       		.uleb128 0x3b
 1294 00e9 0B       		.uleb128 0xb
 1295 00ea 27       		.uleb128 0x27
 1296 00eb 19       		.uleb128 0x19
 1297 00ec 11       		.uleb128 0x11
 1298 00ed 01       		.uleb128 0x1
 1299 00ee 12       		.uleb128 0x12
 1300 00ef 06       		.uleb128 0x6
 1301 00f0 40       		.uleb128 0x40
 1302 00f1 18       		.uleb128 0x18
 1303 00f2 9742     		.uleb128 0x2117
 1304 00f4 19       		.uleb128 0x19
 1305 00f5 00       		.byte	0
 1306 00f6 00       		.byte	0
 1307 00f7 15       		.uleb128 0x15
 1308 00f8 2E       		.uleb128 0x2e
 1309 00f9 01       		.byte	0x1
 1310 00fa 3F       		.uleb128 0x3f
 1311 00fb 19       		.uleb128 0x19
 1312 00fc 03       		.uleb128 0x3
 1313 00fd 0E       		.uleb128 0xe
 1314 00fe 3A       		.uleb128 0x3a
 1315 00ff 0B       		.uleb128 0xb
 1316 0100 3B       		.uleb128 0x3b
 1317 0101 0B       		.uleb128 0xb
 1318 0102 27       		.uleb128 0x27
 1319 0103 19       		.uleb128 0x19
 1320 0104 11       		.uleb128 0x11
 1321 0105 01       		.uleb128 0x1
 1322 0106 12       		.uleb128 0x12
 1323 0107 06       		.uleb128 0x6
 1324 0108 40       		.uleb128 0x40
 1325 0109 18       		.uleb128 0x18
 1326 010a 9742     		.uleb128 0x2117
 1327 010c 19       		.uleb128 0x19
 1328 010d 01       		.uleb128 0x1
 1329 010e 13       		.uleb128 0x13
 1330 010f 00       		.byte	0
 1331 0110 00       		.byte	0
 1332 0111 16       		.uleb128 0x16
 1333 0112 05       		.uleb128 0x5
 1334 0113 00       		.byte	0
ARM GAS  C:\Users\Shahed\AppData\Local\Temp\ccyqBfWp.s 			page 28


 1335 0114 03       		.uleb128 0x3
 1336 0115 0E       		.uleb128 0xe
 1337 0116 3A       		.uleb128 0x3a
 1338 0117 0B       		.uleb128 0xb
 1339 0118 3B       		.uleb128 0x3b
 1340 0119 0B       		.uleb128 0xb
 1341 011a 49       		.uleb128 0x49
 1342 011b 13       		.uleb128 0x13
 1343 011c 02       		.uleb128 0x2
 1344 011d 18       		.uleb128 0x18
 1345 011e 00       		.byte	0
 1346 011f 00       		.byte	0
 1347 0120 17       		.uleb128 0x17
 1348 0121 2E       		.uleb128 0x2e
 1349 0122 01       		.byte	0x1
 1350 0123 3F       		.uleb128 0x3f
 1351 0124 19       		.uleb128 0x19
 1352 0125 03       		.uleb128 0x3
 1353 0126 0E       		.uleb128 0xe
 1354 0127 3A       		.uleb128 0x3a
 1355 0128 0B       		.uleb128 0xb
 1356 0129 3B       		.uleb128 0x3b
 1357 012a 0B       		.uleb128 0xb
 1358 012b 27       		.uleb128 0x27
 1359 012c 19       		.uleb128 0x19
 1360 012d 49       		.uleb128 0x49
 1361 012e 13       		.uleb128 0x13
 1362 012f 11       		.uleb128 0x11
 1363 0130 01       		.uleb128 0x1
 1364 0131 12       		.uleb128 0x12
 1365 0132 06       		.uleb128 0x6
 1366 0133 40       		.uleb128 0x40
 1367 0134 18       		.uleb128 0x18
 1368 0135 9642     		.uleb128 0x2116
 1369 0137 19       		.uleb128 0x19
 1370 0138 01       		.uleb128 0x1
 1371 0139 13       		.uleb128 0x13
 1372 013a 00       		.byte	0
 1373 013b 00       		.byte	0
 1374 013c 18       		.uleb128 0x18
 1375 013d 34       		.uleb128 0x34
 1376 013e 00       		.byte	0
 1377 013f 03       		.uleb128 0x3
 1378 0140 0E       		.uleb128 0xe
 1379 0141 3A       		.uleb128 0x3a
 1380 0142 0B       		.uleb128 0xb
 1381 0143 3B       		.uleb128 0x3b
 1382 0144 0B       		.uleb128 0xb
 1383 0145 49       		.uleb128 0x49
 1384 0146 13       		.uleb128 0x13
 1385 0147 02       		.uleb128 0x2
 1386 0148 18       		.uleb128 0x18
 1387 0149 00       		.byte	0
 1388 014a 00       		.byte	0
 1389 014b 19       		.uleb128 0x19
 1390 014c 34       		.uleb128 0x34
 1391 014d 00       		.byte	0
ARM GAS  C:\Users\Shahed\AppData\Local\Temp\ccyqBfWp.s 			page 29


 1392 014e 03       		.uleb128 0x3
 1393 014f 0E       		.uleb128 0xe
 1394 0150 3A       		.uleb128 0x3a
 1395 0151 0B       		.uleb128 0xb
 1396 0152 3B       		.uleb128 0x3b
 1397 0153 0B       		.uleb128 0xb
 1398 0154 49       		.uleb128 0x49
 1399 0155 13       		.uleb128 0x13
 1400 0156 3F       		.uleb128 0x3f
 1401 0157 19       		.uleb128 0x19
 1402 0158 02       		.uleb128 0x2
 1403 0159 18       		.uleb128 0x18
 1404 015a 00       		.byte	0
 1405 015b 00       		.byte	0
 1406 015c 1A       		.uleb128 0x1a
 1407 015d 26       		.uleb128 0x26
 1408 015e 00       		.byte	0
 1409 015f 49       		.uleb128 0x49
 1410 0160 13       		.uleb128 0x13
 1411 0161 00       		.byte	0
 1412 0162 00       		.byte	0
 1413 0163 00       		.byte	0
 1414              		.section	.debug_aranges,"",%progbits
 1415 0000 34000000 		.4byte	0x34
 1416 0004 0200     		.2byte	0x2
 1417 0006 00000000 		.4byte	.Ldebug_info0
 1418 000a 04       		.byte	0x4
 1419 000b 00       		.byte	0
 1420 000c 0000     		.2byte	0
 1421 000e 0000     		.2byte	0
 1422 0010 00000000 		.4byte	.LFB2
 1423 0014 08000000 		.4byte	.LFE2-.LFB2
 1424 0018 00000000 		.4byte	.LFB3
 1425 001c 0E000000 		.4byte	.LFE3-.LFB3
 1426 0020 00000000 		.4byte	.LFB4
 1427 0024 84000000 		.4byte	.LFE4-.LFB4
 1428 0028 00000000 		.4byte	.LFB5
 1429 002c 84000000 		.4byte	.LFE5-.LFB5
 1430 0030 00000000 		.4byte	0
 1431 0034 00000000 		.4byte	0
 1432              		.section	.debug_ranges,"",%progbits
 1433              	.Ldebug_ranges0:
 1434 0000 00000000 		.4byte	.LFB2
 1435 0004 08000000 		.4byte	.LFE2
 1436 0008 00000000 		.4byte	.LFB3
 1437 000c 0E000000 		.4byte	.LFE3
 1438 0010 00000000 		.4byte	.LFB4
 1439 0014 84000000 		.4byte	.LFE4
 1440 0018 00000000 		.4byte	.LFB5
 1441 001c 84000000 		.4byte	.LFE5
 1442 0020 00000000 		.4byte	0
 1443 0024 00000000 		.4byte	0
 1444              		.section	.debug_line,"",%progbits
 1445              	.Ldebug_line0:
 1446 0000 EC000000 		.section	.debug_str,"MS",%progbits,1
 1446      02008B00 
 1446      00000201 
ARM GAS  C:\Users\Shahed\AppData\Local\Temp\ccyqBfWp.s 			page 30


 1446      FB0E0D00 
 1446      01010101 
 1447              	.LASF65:
 1448 0000 4359424C 		.ascii	"CYBLE_EVT_L2CAP_CBFC_RX_CREDIT_IND\000"
 1448      455F4556 
 1448      545F4C32 
 1448      4341505F 
 1448      43424643 
 1449              	.LASF156:
 1450 0023 4359424C 		.ascii	"CYBLE_HTS_CCCD\000"
 1450      455F4854 
 1450      535F4343 
 1450      434400
 1451              	.LASF21:
 1452 0032 4359424C 		.ascii	"CYBLE_EVT_STACK_BUSY_STATUS\000"
 1452      455F4556 
 1452      545F5354 
 1452      41434B5F 
 1452      42555359 
 1453              	.LASF10:
 1454 004e 75696E74 		.ascii	"uint16\000"
 1454      313600
 1455              	.LASF64:
 1456 0055 4359424C 		.ascii	"CYBLE_EVT_L2CAP_CBFC_DATA_READ\000"
 1456      455F4556 
 1456      545F4C32 
 1456      4341505F 
 1456      43424643 
 1457              	.LASF73:
 1458 0074 4359424C 		.ascii	"CYBLE_ERROR_MEMORY_ALLOCATION_FAILED\000"
 1458      455F4552 
 1458      524F525F 
 1458      4D454D4F 
 1458      52595F41 
 1459              	.LASF108:
 1460 0099 4359424C 		.ascii	"CYBLE_GATT_ERR_REQUEST_NOT_SUPPORTED\000"
 1460      455F4741 
 1460      54545F45 
 1460      52525F52 
 1460      45515545 
 1461              	.LASF153:
 1462 00be 4359424C 		.ascii	"CYBLE_HTS_INTERM_TEMP\000"
 1462      455F4854 
 1462      535F494E 
 1462      5445524D 
 1462      5F54454D 
 1463              	.LASF103:
 1464 00d4 4359424C 		.ascii	"CYBLE_GATT_ERR_INVALID_HANDLE\000"
 1464      455F4741 
 1464      54545F45 
 1464      52525F49 
 1464      4E56414C 
 1465              	.LASF170:
 1466 00f2 4379426C 		.ascii	"CyBle_DisInit\000"
 1466      655F4469 
 1466      73496E69 
 1466      7400
ARM GAS  C:\Users\Shahed\AppData\Local\Temp\ccyqBfWp.s 			page 31


 1467              	.LASF32:
 1468 0100 4359424C 		.ascii	"CYBLE_EVT_GAP_CONNECTION_UPDATE_COMPLETE\000"
 1468      455F4556 
 1468      545F4741 
 1468      505F434F 
 1468      4E4E4543 
 1469              	.LASF63:
 1470 0129 4359424C 		.ascii	"CYBLE_EVT_L2CAP_CBFC_DISCONN_CNF\000"
 1470      455F4556 
 1470      545F4C32 
 1470      4341505F 
 1470      43424643 
 1471              	.LASF46:
 1472 014a 4359424C 		.ascii	"CYBLE_EVT_GATTC_READ_MULTI_RSP\000"
 1472      455F4556 
 1472      545F4741 
 1472      5454435F 
 1472      52454144 
 1473              	.LASF51:
 1474 0169 4359424C 		.ascii	"CYBLE_EVT_GATTS_EXEC_WRITE_REQ\000"
 1474      455F4556 
 1474      545F4741 
 1474      5454535F 
 1474      45584543 
 1475              	.LASF97:
 1476 0188 4359424C 		.ascii	"CYBLE_ERROR_NTF_DISABLED\000"
 1476      455F4552 
 1476      524F525F 
 1476      4E54465F 
 1476      44495341 
 1477              	.LASF18:
 1478 01a1 4359424C 		.ascii	"CYBLE_EVT_TIMEOUT\000"
 1478      455F4556 
 1478      545F5449 
 1478      4D454F55 
 1478      5400
 1479              	.LASF4:
 1480 01b3 6C6F6E67 		.ascii	"long int\000"
 1480      20696E74 
 1480      00
 1481              	.LASF83:
 1482 01bc 4359424C 		.ascii	"CYBLE_ERROR_L2CAP_PSM_WRONG_ENCODING\000"
 1482      455F4552 
 1482      524F525F 
 1482      4C324341 
 1482      505F5053 
 1483              	.LASF132:
 1484 01e1 4359424C 		.ascii	"CYBLE_GATT_VALUE_T\000"
 1484      455F4741 
 1484      54545F56 
 1484      414C5545 
 1484      5F5400
 1485              	.LASF20:
 1486 01f4 4359424C 		.ascii	"CYBLE_EVT_HCI_STATUS\000"
 1486      455F4556 
 1486      545F4843 
 1486      495F5354 
ARM GAS  C:\Users\Shahed\AppData\Local\Temp\ccyqBfWp.s 			page 32


 1486      41545553 
 1487              	.LASF33:
 1488 0209 4359424C 		.ascii	"CYBLE_EVT_GAPC_SCAN_START_STOP\000"
 1488      455F4556 
 1488      545F4741 
 1488      50435F53 
 1488      43414E5F 
 1489              	.LASF68:
 1490 0228 4359424C 		.ascii	"CYBLE_EVT_PENDING_FLASH_WRITE\000"
 1490      455F4556 
 1490      545F5045 
 1490      4E44494E 
 1490      475F464C 
 1491              	.LASF82:
 1492 0246 4359424C 		.ascii	"CYBLE_ERROR_SEC_FAILED\000"
 1492      455F4552 
 1492      524F525F 
 1492      5345435F 
 1492      4641494C 
 1493              	.LASF31:
 1494 025d 4359424C 		.ascii	"CYBLE_EVT_GAP_ENCRYPT_CHANGE\000"
 1494      455F4556 
 1494      545F4741 
 1494      505F454E 
 1494      43525950 
 1495              	.LASF107:
 1496 027a 4359424C 		.ascii	"CYBLE_GATT_ERR_INSUFFICIENT_AUTHENTICATION\000"
 1496      455F4741 
 1496      54545F45 
 1496      52525F49 
 1496      4E535546 
 1497              	.LASF6:
 1498 02a5 6C6F6E67 		.ascii	"long long int\000"
 1498      206C6F6E 
 1498      6720696E 
 1498      7400
 1499              	.LASF0:
 1500 02b3 7369676E 		.ascii	"signed char\000"
 1500      65642063 
 1500      68617200 
 1501              	.LASF17:
 1502 02bf 4359424C 		.ascii	"CYBLE_EVT_STACK_ON\000"
 1502      455F4556 
 1502      545F5354 
 1502      41434B5F 
 1502      4F4E00
 1503              	.LASF130:
 1504 02d2 4359424C 		.ascii	"CYBLE_GATT_DB_ATTR_HANDLE_T\000"
 1504      455F4741 
 1504      54545F44 
 1504      425F4154 
 1504      54525F48 
 1505              	.LASF152:
 1506 02ee 4359424C 		.ascii	"CYBLE_HTS_TEMP_TYPE\000"
 1506      455F4854 
 1506      535F5445 
 1506      4D505F54 
ARM GAS  C:\Users\Shahed\AppData\Local\Temp\ccyqBfWp.s 			page 33


 1506      59504500 
 1507              	.LASF90:
 1508 0302 4359424C 		.ascii	"CYBLE_ERROR_DEVICE_ALREADY_EXISTS\000"
 1508      455F4552 
 1508      524F525F 
 1508      44455649 
 1508      43455F41 
 1509              	.LASF77:
 1510 0324 4359424C 		.ascii	"CYBLE_ERROR_NO_DEVICE_ENTITY\000"
 1510      455F4552 
 1510      524F525F 
 1510      4E4F5F44 
 1510      45564943 
 1511              	.LASF131:
 1512 0341 61637475 		.ascii	"actualLen\000"
 1512      616C4C65 
 1512      6E00
 1513              	.LASF23:
 1514 034b 4359424C 		.ascii	"CYBLE_EVT_GAP_AUTH_REQ\000"
 1514      455F4556 
 1514      545F4741 
 1514      505F4155 
 1514      54485F52 
 1515              	.LASF44:
 1516 0362 4359424C 		.ascii	"CYBLE_EVT_GATTC_READ_RSP\000"
 1516      455F4556 
 1516      545F4741 
 1516      5454435F 
 1516      52454144 
 1517              	.LASF106:
 1518 037b 4359424C 		.ascii	"CYBLE_GATT_ERR_INVALID_PDU\000"
 1518      455F4741 
 1518      54545F45 
 1518      52525F49 
 1518      4E56414C 
 1519              	.LASF100:
 1520 0396 4359424C 		.ascii	"CYBLE_ERROR_INVALID_STATE\000"
 1520      455F4552 
 1520      524F525F 
 1520      494E5641 
 1520      4C49445F 
 1521              	.LASF49:
 1522 03b0 4359424C 		.ascii	"CYBLE_EVT_GATTS_WRITE_CMD_REQ\000"
 1522      455F4556 
 1522      545F4741 
 1522      5454535F 
 1522      57524954 
 1523              	.LASF94:
 1524 03ce 4359424C 		.ascii	"CYBLE_INCL_DISC_DONE\000"
 1524      455F494E 
 1524      434C5F44 
 1524      4953435F 
 1524      444F4E45 
 1525              	.LASF28:
 1526 03e3 4359424C 		.ascii	"CYBLE_EVT_GAPP_ADVERTISEMENT_START_STOP\000"
 1526      455F4556 
 1526      545F4741 
ARM GAS  C:\Users\Shahed\AppData\Local\Temp\ccyqBfWp.s 			page 34


 1526      50505F41 
 1526      44564552 
 1527              	.LASF88:
 1528 040b 4359424C 		.ascii	"CYBLE_ERROR_L2CAP_PSM_NOT_IN_RANGE\000"
 1528      455F4552 
 1528      524F525F 
 1528      4C324341 
 1528      505F5053 
 1529              	.LASF9:
 1530 042e 75696E74 		.ascii	"uint8\000"
 1530      3800
 1531              	.LASF52:
 1532 0434 4359424C 		.ascii	"CYBLE_EVT_GATTC_EXEC_WRITE_RSP\000"
 1532      455F4556 
 1532      545F4741 
 1532      5454435F 
 1532      45584543 
 1533              	.LASF13:
 1534 0453 646F7562 		.ascii	"double\000"
 1534      6C6500
 1535              	.LASF71:
 1536 045a 4359424C 		.ascii	"CYBLE_ERROR_INVALID_PARAMETER\000"
 1536      455F4552 
 1536      524F525F 
 1536      494E5641 
 1536      4C49445F 
 1537              	.LASF118:
 1538 0478 4359424C 		.ascii	"CYBLE_GATT_ERR_UNSUPPORTED_GROUP_TYPE\000"
 1538      455F4741 
 1538      54545F45 
 1538      52525F55 
 1538      4E535550 
 1539              	.LASF141:
 1540 049e 4359424C 		.ascii	"CYBLE_DIS_FIRMWARE_REV\000"
 1540      455F4449 
 1540      535F4649 
 1540      524D5741 
 1540      52455F52 
 1541              	.LASF11:
 1542 04b5 75696E74 		.ascii	"uint32\000"
 1542      333200
 1543              	.LASF140:
 1544 04bc 4359424C 		.ascii	"CYBLE_DIS_HARDWARE_REV\000"
 1544      455F4449 
 1544      535F4841 
 1544      52445741 
 1544      52455F52 
 1545              	.LASF69:
 1546 04d3 4359424C 		.ascii	"CYBLE_EVT_MAX\000"
 1546      455F4556 
 1546      545F4D41 
 1546      5800
 1547              	.LASF70:
 1548 04e1 4359424C 		.ascii	"CYBLE_ERROR_OK\000"
 1548      455F4552 
 1548      524F525F 
 1548      4F4B00
ARM GAS  C:\Users\Shahed\AppData\Local\Temp\ccyqBfWp.s 			page 35


 1549              	.LASF102:
 1550 04f0 4359424C 		.ascii	"CYBLE_GATT_ERR_NONE\000"
 1550      455F4741 
 1550      54545F45 
 1550      52525F4E 
 1550      4F4E4500 
 1551              	.LASF57:
 1552 0504 4359424C 		.ascii	"CYBLE_EVT_L2CAP_CONN_PARAM_UPDATE_REQ\000"
 1552      455F4556 
 1552      545F4C32 
 1552      4341505F 
 1552      434F4E4E 
 1553              	.LASF104:
 1554 052a 4359424C 		.ascii	"CYBLE_GATT_ERR_READ_NOT_PERMITTED\000"
 1554      455F4741 
 1554      54545F45 
 1554      52525F52 
 1554      4541445F 
 1555              	.LASF67:
 1556 054c 4359424C 		.ascii	"CYBLE_EVT_L2CAP_CBFC_DATA_WRITE_IND\000"
 1556      455F4556 
 1556      545F4C32 
 1556      4341505F 
 1556      43424643 
 1557              	.LASF79:
 1558 0570 4359424C 		.ascii	"CYBLE_ERROR_GAP_ROLE\000"
 1558      455F4552 
 1558      524F525F 
 1558      4741505F 
 1558      524F4C45 
 1559              	.LASF134:
 1560 0585 61747472 		.ascii	"attrHandle\000"
 1560      48616E64 
 1560      6C6500
 1561              	.LASF7:
 1562 0590 6C6F6E67 		.ascii	"long long unsigned int\000"
 1562      206C6F6E 
 1562      6720756E 
 1562      7369676E 
 1562      65642069 
 1563              	.LASF133:
 1564 05a7 76616C75 		.ascii	"value\000"
 1564      6500
 1565              	.LASF147:
 1566 05ad 4359424C 		.ascii	"CYBLE_DIS_CHAR_INDEX_T\000"
 1566      455F4449 
 1566      535F4348 
 1566      41525F49 
 1566      4E444558 
 1567              	.LASF75:
 1568 05c4 4359424C 		.ascii	"CYBLE_ERROR_OOB_NOT_AVAILABLE\000"
 1568      455F4552 
 1568      524F525F 
 1568      4F4F425F 
 1568      4E4F545F 
 1569              	.LASF37:
 1570 05e2 4359424C 		.ascii	"CYBLE_EVT_GATT_DISCONNECT_IND\000"
ARM GAS  C:\Users\Shahed\AppData\Local\Temp\ccyqBfWp.s 			page 36


 1570      455F4556 
 1570      545F4741 
 1570      54545F44 
 1570      4953434F 
 1571              	.LASF124:
 1572 0600 4359424C 		.ascii	"CYBLE_GATTS_ERR_PROCEDURE_ALREADY_IN_PROGRESS\000"
 1572      455F4741 
 1572      5454535F 
 1572      4552525F 
 1572      50524F43 
 1573              	.LASF84:
 1574 062e 4359424C 		.ascii	"CYBLE_ERROR_L2CAP_PSM_ALREADY_REGISTERED\000"
 1574      455F4552 
 1574      524F525F 
 1574      4C324341 
 1574      505F5053 
 1575              	.LASF5:
 1576 0657 6C6F6E67 		.ascii	"long unsigned int\000"
 1576      20756E73 
 1576      69676E65 
 1576      6420696E 
 1576      7400
 1577              	.LASF112:
 1578 0669 4359424C 		.ascii	"CYBLE_GATT_ERR_ATTRIBUTE_NOT_FOUND\000"
 1578      455F4741 
 1578      54545F45 
 1578      52525F41 
 1578      54545249 
 1579              	.LASF47:
 1580 068c 4359424C 		.ascii	"CYBLE_EVT_GATTS_WRITE_REQ\000"
 1580      455F4556 
 1580      545F4741 
 1580      5454535F 
 1580      57524954 
 1581              	.LASF39:
 1582 06a6 4359424C 		.ascii	"CYBLE_EVT_GATTC_XCHNG_MTU_RSP\000"
 1582      455F4556 
 1582      545F4741 
 1582      5454435F 
 1582      5843484E 
 1583              	.LASF56:
 1584 06c4 4359424C 		.ascii	"CYBLE_EVT_GATTS_DATA_SIGNED_CMD_REQ\000"
 1584      455F4556 
 1584      545F4741 
 1584      5454535F 
 1584      44415441 
 1585              	.LASF154:
 1586 06e8 4359424C 		.ascii	"CYBLE_HTS_MEASURE_INTERVAL\000"
 1586      455F4854 
 1586      535F4D45 
 1586      41535552 
 1586      455F494E 
 1587              	.LASF87:
 1588 0703 4359424C 		.ascii	"CYBLE_ERROR_L2CAP_CHANNEL_NOT_FOUND\000"
 1588      455F4552 
 1588      524F525F 
 1588      4C324341 
ARM GAS  C:\Users\Shahed\AppData\Local\Temp\ccyqBfWp.s 			page 37


 1588      505F4348 
 1589              	.LASF105:
 1590 0727 4359424C 		.ascii	"CYBLE_GATT_ERR_WRITE_NOT_PERMITTED\000"
 1590      455F4741 
 1590      54545F45 
 1590      52525F57 
 1590      52495445 
 1591              	.LASF113:
 1592 074a 4359424C 		.ascii	"CYBLE_GATT_ERR_ATTRIBUTE_NOT_LONG\000"
 1592      455F4741 
 1592      54545F45 
 1592      52525F41 
 1592      54545249 
 1593              	.LASF16:
 1594 076c 4359424C 		.ascii	"CYBLE_EVT_HOST_INVALID\000"
 1594      455F4556 
 1594      545F484F 
 1594      53545F49 
 1594      4E56414C 
 1595              	.LASF42:
 1596 0783 4359424C 		.ascii	"CYBLE_EVT_GATTC_FIND_INFO_RSP\000"
 1596      455F4556 
 1596      545F4741 
 1596      5454435F 
 1596      46494E44 
 1597              	.LASF114:
 1598 07a1 4359424C 		.ascii	"CYBLE_GATT_ERR_INSUFFICIENT_ENC_KEY_SIZE\000"
 1598      455F4741 
 1598      54545F45 
 1598      52525F49 
 1598      4E535546 
 1599              	.LASF165:
 1600 07ca 4379426C 		.ascii	"CyBle_DissSetCharacteristicValue\000"
 1600      655F4469 
 1600      73735365 
 1600      74436861 
 1600      72616374 
 1601              	.LASF29:
 1602 07eb 4359424C 		.ascii	"CYBLE_EVT_GAP_DEVICE_CONNECTED\000"
 1602      455F4556 
 1602      545F4741 
 1602      505F4445 
 1602      56494345 
 1603              	.LASF172:
 1604 080a 6379426C 		.ascii	"cyBle_diss\000"
 1604      655F6469 
 1604      737300
 1605              	.LASF145:
 1606 0815 4359424C 		.ascii	"CYBLE_DIS_PNP_ID\000"
 1606      455F4449 
 1606      535F504E 
 1606      505F4944 
 1606      00
 1607              	.LASF123:
 1608 0826 4359424C 		.ascii	"CYBLE_GATT_ERR_HTS_OUT_OF_RANGE\000"
 1608      455F4741 
 1608      54545F45 
ARM GAS  C:\Users\Shahed\AppData\Local\Temp\ccyqBfWp.s 			page 38


 1608      52525F48 
 1608      54535F4F 
 1609              	.LASF2:
 1610 0846 73686F72 		.ascii	"short int\000"
 1610      7420696E 
 1610      7400
 1611              	.LASF25:
 1612 0850 4359424C 		.ascii	"CYBLE_EVT_GAP_PASSKEY_DISPLAY_REQUEST\000"
 1612      455F4556 
 1612      545F4741 
 1612      505F5041 
 1612      53534B45 
 1613              	.LASF148:
 1614 0876 73657276 		.ascii	"serviceHandle\000"
 1614      69636548 
 1614      616E646C 
 1614      6500
 1615              	.LASF36:
 1616 0884 4359424C 		.ascii	"CYBLE_EVT_GATT_CONNECT_IND\000"
 1616      455F4556 
 1616      545F4741 
 1616      54545F43 
 1616      4F4E4E45 
 1617              	.LASF91:
 1618 089f 4359424C 		.ascii	"CYBLE_ERROR_FLASH_WRITE_NOT_PERMITED\000"
 1618      455F4552 
 1618      524F525F 
 1618      464C4153 
 1618      485F5752 
 1619              	.LASF59:
 1620 08c4 4359424C 		.ascii	"CYBLE_EVT_L2CAP_COMMAND_REJ\000"
 1620      455F4556 
 1620      545F4C32 
 1620      4341505F 
 1620      434F4D4D 
 1621              	.LASF122:
 1622 08e0 4359424C 		.ascii	"CYBLE_GATT_ERR_CPS_INAPPROPRIATE_CONNECTION_PARAMET"
 1622      455F4741 
 1622      54545F45 
 1622      52525F43 
 1622      50535F49 
 1623 0913 45525300 		.ascii	"ERS\000"
 1624              	.LASF151:
 1625 0917 4359424C 		.ascii	"CYBLE_HTS_TEMP_MEASURE\000"
 1625      455F4854 
 1625      535F5445 
 1625      4D505F4D 
 1625      45415355 
 1626              	.LASF143:
 1627 092e 4359424C 		.ascii	"CYBLE_DIS_SYSTEM_ID\000"
 1627      455F4449 
 1627      535F5359 
 1627      5354454D 
 1627      5F494400 
 1628              	.LASF96:
 1629 0942 4359424C 		.ascii	"CYBLE_DESCR_DISC_DONE\000"
 1629      455F4445 
ARM GAS  C:\Users\Shahed\AppData\Local\Temp\ccyqBfWp.s 			page 39


 1629      5343525F 
 1629      44495343 
 1629      5F444F4E 
 1630              	.LASF93:
 1631 0958 4359424C 		.ascii	"CYBLE_ERROR_MAX\000"
 1631      455F4552 
 1631      524F525F 
 1631      4D415800 
 1632              	.LASF60:
 1633 0968 4359424C 		.ascii	"CYBLE_EVT_L2CAP_CBFC_CONN_IND\000"
 1633      455F4556 
 1633      545F4C32 
 1633      4341505F 
 1633      43424643 
 1634              	.LASF41:
 1635 0986 4359424C 		.ascii	"CYBLE_EVT_GATTC_READ_BY_TYPE_RSP\000"
 1635      455F4556 
 1635      545F4741 
 1635      5454435F 
 1635      52454144 
 1636              	.LASF15:
 1637 09a7 73697A65 		.ascii	"sizetype\000"
 1637      74797065 
 1637      00
 1638              	.LASF119:
 1639 09b0 4359424C 		.ascii	"CYBLE_GATT_ERR_INSUFFICIENT_RESOURCE\000"
 1639      455F4741 
 1639      54545F45 
 1639      52525F49 
 1639      4E535546 
 1640              	.LASF27:
 1641 09d5 4359424C 		.ascii	"CYBLE_EVT_GAP_AUTH_FAILED\000"
 1641      455F4556 
 1641      545F4741 
 1641      505F4155 
 1641      54485F46 
 1642              	.LASF157:
 1643 09ef 4359424C 		.ascii	"CYBLE_HTS_VRD\000"
 1643      455F4854 
 1643      535F5652 
 1643      4400
 1644              	.LASF48:
 1645 09fd 4359424C 		.ascii	"CYBLE_EVT_GATTC_WRITE_RSP\000"
 1645      455F4556 
 1645      545F4741 
 1645      5454435F 
 1645      57524954 
 1646              	.LASF166:
 1647 0a17 4379426C 		.ascii	"CyBle_DissGetCharacteristicValue\000"
 1647      655F4469 
 1647      73734765 
 1647      74436861 
 1647      72616374 
 1648              	.LASF110:
 1649 0a38 4359424C 		.ascii	"CYBLE_GATT_ERR_INSUFFICIENT_AUTHORIZATION\000"
 1649      455F4741 
 1649      54545F45 
ARM GAS  C:\Users\Shahed\AppData\Local\Temp\ccyqBfWp.s 			page 40


 1649      52525F49 
 1649      4E535546 
 1650              	.LASF26:
 1651 0a62 4359424C 		.ascii	"CYBLE_EVT_GAP_AUTH_COMPLETE\000"
 1651      455F4556 
 1651      545F4741 
 1651      505F4155 
 1651      54485F43 
 1652              	.LASF163:
 1653 0a7e 61706952 		.ascii	"apiResult\000"
 1653      6573756C 
 1653      7400
 1654              	.LASF101:
 1655 0a88 4359424C 		.ascii	"CYBLE_API_RESULT_T\000"
 1655      455F4150 
 1655      495F5245 
 1655      53554C54 
 1655      5F5400
 1656              	.LASF53:
 1657 0a9b 4359424C 		.ascii	"CYBLE_EVT_GATTC_HANDLE_VALUE_NTF\000"
 1657      455F4556 
 1657      545F4741 
 1657      5454435F 
 1657      48414E44 
 1658              	.LASF98:
 1659 0abc 4359424C 		.ascii	"CYBLE_ERROR_IND_DISABLED\000"
 1659      455F4552 
 1659      524F525F 
 1659      494E445F 
 1659      44495341 
 1660              	.LASF135:
 1661 0ad5 4359424C 		.ascii	"CYBLE_GATT_HANDLE_VALUE_PAIR_T\000"
 1661      455F4741 
 1661      54545F48 
 1661      414E444C 
 1661      455F5641 
 1662              	.LASF144:
 1663 0af4 4359424C 		.ascii	"CYBLE_DIS_REG_CERT_DATA\000"
 1663      455F4449 
 1663      535F5245 
 1663      475F4345 
 1663      52545F44 
 1664              	.LASF61:
 1665 0b0c 4359424C 		.ascii	"CYBLE_EVT_L2CAP_CBFC_CONN_CNF\000"
 1665      455F4556 
 1665      545F4C32 
 1665      4341505F 
 1665      43424643 
 1666              	.LASF40:
 1667 0b2a 4359424C 		.ascii	"CYBLE_EVT_GATTC_READ_BY_GROUP_TYPE_RSP\000"
 1667      455F4556 
 1667      545F4741 
 1667      5454435F 
 1667      52454144 
 1668              	.LASF12:
 1669 0b51 666C6F61 		.ascii	"float\000"
 1669      7400
ARM GAS  C:\Users\Shahed\AppData\Local\Temp\ccyqBfWp.s 			page 41


 1670              	.LASF168:
 1671 0b57 2E5C4765 		.ascii	".\\Generated_Source\\PSoC4\\BLE_dis.c\000"
 1671      6E657261 
 1671      7465645F 
 1671      536F7572 
 1671      63655C50 
 1672              	.LASF167:
 1673 0b7a 474E5520 		.ascii	"GNU C 4.8.4 20140526 (release) [ARM/embedded-4_8-br"
 1673      4320342E 
 1673      382E3420 
 1673      32303134 
 1673      30353236 
 1674 0bad 616E6368 		.ascii	"anch revision 211358] -mcpu=cortex-m0 -mthumb -g -O"
 1674      20726576 
 1674      6973696F 
 1674      6E203231 
 1674      31333538 
 1675 0be0 30202D66 		.ascii	"0 -ffunction-sections\000"
 1675      66756E63 
 1675      74696F6E 
 1675      2D736563 
 1675      74696F6E 
 1676              	.LASF111:
 1677 0bf6 4359424C 		.ascii	"CYBLE_GATT_ERR_PREPARE_WRITE_QUEUE_FULL\000"
 1677      455F4741 
 1677      54545F45 
 1677      52525F50 
 1677      52455041 
 1678              	.LASF139:
 1679 0c1e 4359424C 		.ascii	"CYBLE_DIS_SERIAL_NUMBER\000"
 1679      455F4449 
 1679      535F5345 
 1679      5249414C 
 1679      5F4E554D 
 1680              	.LASF80:
 1681 0c36 4359424C 		.ascii	"CYBLE_ERROR_TX_POWER_READ\000"
 1681      455F4552 
 1681      524F525F 
 1681      54585F50 
 1681      4F574552 
 1682              	.LASF159:
 1683 0c50 63616C6C 		.ascii	"callbackFunc\000"
 1683      6261636B 
 1683      46756E63 
 1683      00
 1684              	.LASF129:
 1685 0c5d 4359424C 		.ascii	"CYBLE_GATT_ERR_OUT_OF_RANGE\000"
 1685      455F4741 
 1685      54545F45 
 1685      52525F4F 
 1685      55545F4F 
 1686              	.LASF1:
 1687 0c79 756E7369 		.ascii	"unsigned char\000"
 1687      676E6564 
 1687      20636861 
 1687      7200
 1688              	.LASF146:
ARM GAS  C:\Users\Shahed\AppData\Local\Temp\ccyqBfWp.s 			page 42


 1689 0c87 4359424C 		.ascii	"CYBLE_DIS_CHAR_COUNT\000"
 1689      455F4449 
 1689      535F4348 
 1689      41525F43 
 1689      4F554E54 
 1690              	.LASF115:
 1691 0c9c 4359424C 		.ascii	"CYBLE_GATT_ERR_INVALID_ATTRIBUTE_LEN\000"
 1691      455F4741 
 1691      54545F45 
 1691      52525F49 
 1691      4E56414C 
 1692              	.LASF125:
 1693 0cc1 4359424C 		.ascii	"CYBLE_GATTS_ERR_CCCD_IMPROPERLY_CONFIGURED\000"
 1693      455F4741 
 1693      5454535F 
 1693      4552525F 
 1693      43434344 
 1694              	.LASF171:
 1695 0cec 4379426C 		.ascii	"CyBle_DisRegisterAttrCallback\000"
 1695      655F4469 
 1695      73526567 
 1695      69737465 
 1695      72417474 
 1696              	.LASF99:
 1697 0d0a 4359424C 		.ascii	"CYBLE_ERROR_CHAR_IS_NOT_DISCOVERED\000"
 1697      455F4552 
 1697      524F525F 
 1697      43484152 
 1697      5F49535F 
 1698              	.LASF149:
 1699 0d2d 63686172 		.ascii	"charHandle\000"
 1699      48616E64 
 1699      6C6500
 1700              	.LASF155:
 1701 0d38 4359424C 		.ascii	"CYBLE_HTS_CHAR_COUNT\000"
 1701      455F4854 
 1701      535F4348 
 1701      41525F43 
 1701      4F554E54 
 1702              	.LASF54:
 1703 0d4d 4359424C 		.ascii	"CYBLE_EVT_GATTC_HANDLE_VALUE_IND\000"
 1703      455F4556 
 1703      545F4741 
 1703      5454435F 
 1703      48414E44 
 1704              	.LASF76:
 1705 0d6e 4359424C 		.ascii	"CYBLE_ERROR_NO_CONNECTION\000"
 1705      455F4552 
 1705      524F525F 
 1705      4E4F5F43 
 1705      4F4E4E45 
 1706              	.LASF169:
 1707 0d88 433A5C55 		.ascii	"C:\\Users\\Shahed\\Desktop\\Yobely- Health Thermome"
 1707      73657273 
 1707      5C536861 
 1707      6865645C 
 1707      4465736B 
ARM GAS  C:\Users\Shahed\AppData\Local\Temp\ccyqBfWp.s 			page 43


 1708 0db7 7465722E 		.ascii	"ter.cywrk.Archive01\\AN91184\\Health Thermometer.cy"
 1708      63797772 
 1708      6B2E4172 
 1708      63686976 
 1708      6530315C 
 1709 0de8 64736E00 		.ascii	"dsn\000"
 1710              	.LASF142:
 1711 0dec 4359424C 		.ascii	"CYBLE_DIS_SOFTWARE_REV\000"
 1711      455F4449 
 1711      535F534F 
 1711      46545741 
 1711      52455F52 
 1712              	.LASF126:
 1713 0e03 4359424C 		.ascii	"CYBLE_GATT_ERR_ANS_COMMAND_NOT_SUPPORTED\000"
 1713      455F4741 
 1713      54545F45 
 1713      52525F41 
 1713      4E535F43 
 1714              	.LASF50:
 1715 0e2c 4359424C 		.ascii	"CYBLE_EVT_GATTS_PREP_WRITE_REQ\000"
 1715      455F4556 
 1715      545F4741 
 1715      5454535F 
 1715      50524550 
 1716              	.LASF162:
 1717 0e4b 61747472 		.ascii	"attrValue\000"
 1717      56616C75 
 1717      6500
 1718              	.LASF55:
 1719 0e55 4359424C 		.ascii	"CYBLE_EVT_GATTS_HANDLE_VALUE_CNF\000"
 1719      455F4556 
 1719      545F4741 
 1719      5454535F 
 1719      48414E44 
 1720              	.LASF127:
 1721 0e76 4359424C 		.ascii	"CYBLE_GATT_ERR_CCCD_IMPROPERLY_CONFIGURED\000"
 1721      455F4741 
 1721      54545F45 
 1721      52525F43 
 1721      4343445F 
 1722              	.LASF120:
 1723 0ea0 4359424C 		.ascii	"CYBLE_GATT_ERR_HEART_RATE_CONTROL_POINT_NOT_SUPPORT"
 1723      455F4741 
 1723      54545F45 
 1723      52525F48 
 1723      45415254 
 1724 0ed3 454400   		.ascii	"ED\000"
 1725              	.LASF14:
 1726 0ed6 63686172 		.ascii	"char\000"
 1726      00
 1727              	.LASF138:
 1728 0edb 4359424C 		.ascii	"CYBLE_DIS_MODEL_NUMBER\000"
 1728      455F4449 
 1728      535F4D4F 
 1728      44454C5F 
 1728      4E554D42 
 1729              	.LASF81:
ARM GAS  C:\Users\Shahed\AppData\Local\Temp\ccyqBfWp.s 			page 44


 1730 0ef2 4359424C 		.ascii	"CYBLE_ERROR_BT_ON_NOT_COMPLETED\000"
 1730      455F4552 
 1730      524F525F 
 1730      42545F4F 
 1730      4E5F4E4F 
 1731              	.LASF30:
 1732 0f12 4359424C 		.ascii	"CYBLE_EVT_GAP_DEVICE_DISCONNECTED\000"
 1732      455F4556 
 1732      545F4741 
 1732      505F4445 
 1732      56494345 
 1733              	.LASF8:
 1734 0f34 756E7369 		.ascii	"unsigned int\000"
 1734      676E6564 
 1734      20696E74 
 1734      00
 1735              	.LASF66:
 1736 0f41 4359424C 		.ascii	"CYBLE_EVT_L2CAP_CBFC_TX_CREDIT_IND\000"
 1736      455F4556 
 1736      545F4C32 
 1736      4341505F 
 1736      43424643 
 1737              	.LASF116:
 1738 0f64 4359424C 		.ascii	"CYBLE_GATT_ERR_UNLIKELY_ERROR\000"
 1738      455F4741 
 1738      54545F45 
 1738      52525F55 
 1738      4E4C494B 
 1739              	.LASF158:
 1740 0f82 4359424C 		.ascii	"CYBLE_HTS_DESCR_COUNT\000"
 1740      455F4854 
 1740      535F4445 
 1740      5343525F 
 1740      434F554E 
 1741              	.LASF86:
 1742 0f98 4359424C 		.ascii	"CYBLE_ERROR_L2CAP_CONNECTION_ENTITY_NOT_FOUND\000"
 1742      455F4552 
 1742      524F525F 
 1742      4C324341 
 1742      505F434F 
 1743              	.LASF128:
 1744 0fc6 4359424C 		.ascii	"CYBLE_GATT_ERR_PROCEDURE_ALREADY_IN_PROGRESS\000"
 1744      455F4741 
 1744      54545F45 
 1744      52525F50 
 1744      524F4345 
 1745              	.LASF19:
 1746 0ff3 4359424C 		.ascii	"CYBLE_EVT_HARDWARE_ERROR\000"
 1746      455F4556 
 1746      545F4841 
 1746      52445741 
 1746      52455F45 
 1747              	.LASF3:
 1748 100c 73686F72 		.ascii	"short unsigned int\000"
 1748      7420756E 
 1748      7369676E 
 1748      65642069 
ARM GAS  C:\Users\Shahed\AppData\Local\Temp\ccyqBfWp.s 			page 45


 1748      6E7400
 1749              	.LASF35:
 1750 101f 4359424C 		.ascii	"CYBLE_EVT_GATTC_ERROR_RSP\000"
 1750      455F4556 
 1750      545F4741 
 1750      5454435F 
 1750      4552524F 
 1751              	.LASF72:
 1752 1039 4359424C 		.ascii	"CYBLE_ERROR_INVALID_OPERATION\000"
 1752      455F4552 
 1752      524F525F 
 1752      494E5641 
 1752      4C49445F 
 1753              	.LASF121:
 1754 1057 4359424C 		.ascii	"CYBLE_GATT_ERR_USER_DATA_ACCESS_NOT_PERMITTED\000"
 1754      455F4741 
 1754      54545F45 
 1754      52525F55 
 1754      5345525F 
 1755              	.LASF117:
 1756 1085 4359424C 		.ascii	"CYBLE_GATT_ERR_INSUFFICIENT_ENCRYPTION\000"
 1756      455F4741 
 1756      54545F45 
 1756      52525F49 
 1756      4E535546 
 1757              	.LASF136:
 1758 10ac 4359424C 		.ascii	"CYBLE_CALLBACK_T\000"
 1758      455F4341 
 1758      4C4C4241 
 1758      434B5F54 
 1758      00
 1759              	.LASF38:
 1760 10bd 4359424C 		.ascii	"CYBLE_EVT_GATTS_XCNHG_MTU_REQ\000"
 1760      455F4556 
 1760      545F4741 
 1760      5454535F 
 1760      58434E48 
 1761              	.LASF160:
 1762 10db 63686172 		.ascii	"charIndex\000"
 1762      496E6465 
 1762      7800
 1763              	.LASF74:
 1764 10e5 4359424C 		.ascii	"CYBLE_ERROR_INSUFFICIENT_RESOURCES\000"
 1764      455F4552 
 1764      524F525F 
 1764      494E5355 
 1764      46464943 
 1765              	.LASF24:
 1766 1108 4359424C 		.ascii	"CYBLE_EVT_GAP_PASSKEY_ENTRY_REQUEST\000"
 1766      455F4556 
 1766      545F4741 
 1766      505F5041 
 1766      53534B45 
 1767              	.LASF45:
 1768 112c 4359424C 		.ascii	"CYBLE_EVT_GATTC_READ_BLOB_RSP\000"
 1768      455F4556 
 1768      545F4741 
ARM GAS  C:\Users\Shahed\AppData\Local\Temp\ccyqBfWp.s 			page 46


 1768      5454435F 
 1768      52454144 
 1769              	.LASF109:
 1770 114a 4359424C 		.ascii	"CYBLE_GATT_ERR_INVALID_OFFSET\000"
 1770      455F4741 
 1770      54545F45 
 1770      52525F49 
 1770      4E56414C 
 1771              	.LASF92:
 1772 1168 4359424C 		.ascii	"CYBLE_ERROR_MIC_AUTH_FAILED\000"
 1772      455F4552 
 1772      524F525F 
 1772      4D49435F 
 1772      41555448 
 1773              	.LASF85:
 1774 1184 4359424C 		.ascii	"CYBLE_ERROR_L2CAP_PSM_NOT_REGISTERED\000"
 1774      455F4552 
 1774      524F525F 
 1774      4C324341 
 1774      505F5053 
 1775              	.LASF43:
 1776 11a9 4359424C 		.ascii	"CYBLE_EVT_GATTC_FIND_BY_TYPE_VALUE_RSP\000"
 1776      455F4556 
 1776      545F4741 
 1776      5454435F 
 1776      46494E44 
 1777              	.LASF150:
 1778 11d0 4359424C 		.ascii	"CYBLE_DISS_T\000"
 1778      455F4449 
 1778      53535F54 
 1778      00
 1779              	.LASF34:
 1780 11dd 4359424C 		.ascii	"CYBLE_EVT_GAP_KEYINFO_EXCHNGE_CMPLT\000"
 1780      455F4556 
 1780      545F4741 
 1780      505F4B45 
 1780      59494E46 
 1781              	.LASF164:
 1782 1201 6C6F6348 		.ascii	"locHandleValuePair\000"
 1782      616E646C 
 1782      6556616C 
 1782      75655061 
 1782      697200
 1783              	.LASF62:
 1784 1214 4359424C 		.ascii	"CYBLE_EVT_L2CAP_CBFC_DISCONN_IND\000"
 1784      455F4556 
 1784      545F4C32 
 1784      4341505F 
 1784      43424643 
 1785              	.LASF95:
 1786 1235 4359424C 		.ascii	"CYBLE_CHAR_DISC_DONE\000"
 1786      455F4348 
 1786      41525F44 
 1786      4953435F 
 1786      444F4E45 
 1787              	.LASF58:
 1788 124a 4359424C 		.ascii	"CYBLE_EVT_L2CAP_CONN_PARAM_UPDATE_RSP\000"
ARM GAS  C:\Users\Shahed\AppData\Local\Temp\ccyqBfWp.s 			page 47


 1788      455F4556 
 1788      545F4C32 
 1788      4341505F 
 1788      434F4E4E 
 1789              	.LASF137:
 1790 1270 4359424C 		.ascii	"CYBLE_DIS_MANUFACTURER_NAME\000"
 1790      455F4449 
 1790      535F4D41 
 1790      4E554641 
 1790      43545552 
 1791              	.LASF22:
 1792 128c 4359424C 		.ascii	"CYBLE_EVT_GAPC_SCAN_PROGRESS_RESULT\000"
 1792      455F4556 
 1792      545F4741 
 1792      50435F53 
 1792      43414E5F 
 1793              	.LASF161:
 1794 12b0 61747472 		.ascii	"attrSize\000"
 1794      53697A65 
 1794      00
 1795              	.LASF89:
 1796 12b9 4359424C 		.ascii	"CYBLE_ERROR_GATT_DB_INVALID_ATTR_HANDLE\000"
 1796      455F4552 
 1796      524F525F 
 1796      47415454 
 1796      5F44425F 
 1797              	.LASF78:
 1798 12e1 4359424C 		.ascii	"CYBLE_ERROR_REPEATED_ATTEMPTS\000"
 1798      455F4552 
 1798      524F525F 
 1798      52455045 
 1798      41544544 
 1799              		.ident	"GCC: (GNU Tools for ARM Embedded Processors) 4.8.4 20140526 (release) [ARM/embedded-4_8-br
