ARM GAS  C:\Users\Shahed\AppData\Local\Temp\ccKrvZsr.s 			page 1


   1              		.cpu cortex-m0
   2              		.fpu softvfp
   3              		.eabi_attribute 20, 1
   4              		.eabi_attribute 21, 1
   5              		.eabi_attribute 23, 3
   6              		.eabi_attribute 24, 1
   7              		.eabi_attribute 25, 1
   8              		.eabi_attribute 26, 1
   9              		.eabi_attribute 30, 6
  10              		.eabi_attribute 34, 0
  11              		.eabi_attribute 18, 4
  12              		.code	16
  13              		.file	"CommonFunctions.c"
  14              		.text
  15              	.Ltext0:
  16              		.cfi_sections	.debug_frame
  17              		.global	SystemFlag
  18              		.bss
  19              		.align	2
  20              		.type	SystemFlag, %object
  21              		.size	SystemFlag, 4
  22              	SystemFlag:
  23 0000 00000000 		.space	4
  24              		.section	.text.InitializeSystem,"ax",%progbits
  25              		.align	2
  26              		.global	InitializeSystem
  27              		.code	16
  28              		.thumb_func
  29              		.type	InitializeSystem, %function
  30              	InitializeSystem:
  31              	.LFB35:
  32              		.file 1 ".\\CommonFunctions.c"
   1:.\CommonFunctions.c **** /****************************************************************************
   2:.\CommonFunctions.c **** * File Name: CommonFunctions.c
   3:.\CommonFunctions.c **** *
   4:.\CommonFunctions.c **** * Version: 1.0
   5:.\CommonFunctions.c **** *
   6:.\CommonFunctions.c **** * Description:
   7:.\CommonFunctions.c **** * This file implements the common functions used by the application.
   8:.\CommonFunctions.c **** *
   9:.\CommonFunctions.c **** * Note:
  10:.\CommonFunctions.c **** * 
  11:.\CommonFunctions.c **** * Owner:
  12:.\CommonFunctions.c **** * PMAD
  13:.\CommonFunctions.c **** *
  14:.\CommonFunctions.c **** ******************************************************************************
  15:.\CommonFunctions.c **** * Copyright (2014), Cypress Semiconductor Corporation.
  16:.\CommonFunctions.c **** ******************************************************************************
  17:.\CommonFunctions.c **** * This software is owned by Cypress Semiconductor Corporation (Cypress) and is
  18:.\CommonFunctions.c **** * protected by and subject to worldwide patent protection (United States and
  19:.\CommonFunctions.c **** * foreign), United States copyright laws and international treaty provisions.
  20:.\CommonFunctions.c **** * Cypress hereby grants to licensee a personal, non-exclusive, non-transferable
  21:.\CommonFunctions.c **** * license to copy, use, modify, create derivative works of, and compile the
  22:.\CommonFunctions.c **** * Cypress Source Code and derivative works for the sole purpose of creating
  23:.\CommonFunctions.c **** * custom software in support of licensee product to be used only in conjunction
  24:.\CommonFunctions.c **** * with a Cypress integrated circuit as specified in the applicable agreement.
  25:.\CommonFunctions.c **** * Any reproduction, modification, translation, compilation, or representation of
ARM GAS  C:\Users\Shahed\AppData\Local\Temp\ccKrvZsr.s 			page 2


  26:.\CommonFunctions.c **** * this software except as specified above is prohibited without the express
  27:.\CommonFunctions.c **** * written permission of Cypress.
  28:.\CommonFunctions.c **** *
  29:.\CommonFunctions.c **** * Disclaimer: CYPRESS MAKES NO WARRANTY OF ANY KIND, EXPRESS OR IMPLIED, WITH
  30:.\CommonFunctions.c **** * REGARD TO THIS MATERIAL, INCLUDING, BUT NOT LIMITED TO, THE IMPLIED
  31:.\CommonFunctions.c **** * WARRANTIES OF MERCHANTABILITY AND FITNESS FOR A PARTICULAR PURPOSE.
  32:.\CommonFunctions.c **** * Cypress reserves the right to make changes without further notice to the
  33:.\CommonFunctions.c **** * materials described herein. Cypress does not assume any liability arising out
  34:.\CommonFunctions.c **** * of the application or use of any product or circuit described herein. Cypress
  35:.\CommonFunctions.c **** * does not authorize its products for use as critical components in life-support
  36:.\CommonFunctions.c **** * systems where a malfunction or failure may reasonably be expected to result in
  37:.\CommonFunctions.c **** * significant injury to the user. The inclusion of Cypress' product in a life-
  38:.\CommonFunctions.c **** * support systems application implies that the manufacturer assumes all risk of
  39:.\CommonFunctions.c **** * such use and in doing so indemnifies Cypress against all charges. Use may be
  40:.\CommonFunctions.c **** * limited by and subject to the applicable Cypress software license agreement.
  41:.\CommonFunctions.c **** *****************************************************************************/
  42:.\CommonFunctions.c **** 
  43:.\CommonFunctions.c **** 
  44:.\CommonFunctions.c **** /*****************************************************************************
  45:.\CommonFunctions.c **** * Included headers
  46:.\CommonFunctions.c **** *****************************************************************************/
  47:.\CommonFunctions.c **** #include "CommonFunctions.h"
  48:.\CommonFunctions.c **** #include "BLE_HTSS.h"
  49:.\CommonFunctions.c **** 
  50:.\CommonFunctions.c **** /*****************************************************************************
  51:.\CommonFunctions.c **** * Macros and constants
  52:.\CommonFunctions.c **** *****************************************************************************/
  53:.\CommonFunctions.c **** #define             DRIVE_HIGH              (1u)
  54:.\CommonFunctions.c **** #define             DRIVE_LOW               (0u)
  55:.\CommonFunctions.c **** 
  56:.\CommonFunctions.c **** /* System Flag used to indicate system status */
  57:.\CommonFunctions.c **** uint32 SystemFlag = 0;
  58:.\CommonFunctions.c **** 
  59:.\CommonFunctions.c **** /*****************************************************************************
  60:.\CommonFunctions.c **** * Function Definitions
  61:.\CommonFunctions.c **** *****************************************************************************/
  62:.\CommonFunctions.c **** 
  63:.\CommonFunctions.c **** /*****************************************************************************
  64:.\CommonFunctions.c **** * Public Functions
  65:.\CommonFunctions.c **** *****************************************************************************/
  66:.\CommonFunctions.c **** 
  67:.\CommonFunctions.c **** /*****************************************************************************
  68:.\CommonFunctions.c **** * Function Name: InitializeSystem()
  69:.\CommonFunctions.c **** ******************************************************************************
  70:.\CommonFunctions.c **** * Summary:
  71:.\CommonFunctions.c **** * Initializes the complete system resources. 
  72:.\CommonFunctions.c **** *
  73:.\CommonFunctions.c **** * Parameters:
  74:.\CommonFunctions.c **** * None
  75:.\CommonFunctions.c **** *
  76:.\CommonFunctions.c **** * Return:
  77:.\CommonFunctions.c **** * None
  78:.\CommonFunctions.c **** *
  79:.\CommonFunctions.c **** * Theory:
  80:.\CommonFunctions.c **** * Initializes the system resources - enables BLE, starts ADC, clear SW 
  81:.\CommonFunctions.c **** * interrupt and drives the reference signals for temperature measurement. 
  82:.\CommonFunctions.c **** *
ARM GAS  C:\Users\Shahed\AppData\Local\Temp\ccKrvZsr.s 			page 3


  83:.\CommonFunctions.c **** * Side Effects:
  84:.\CommonFunctions.c **** * None
  85:.\CommonFunctions.c **** *
  86:.\CommonFunctions.c **** * Note:
  87:.\CommonFunctions.c **** *
  88:.\CommonFunctions.c **** *****************************************************************************/
  89:.\CommonFunctions.c **** void InitializeSystem (void)
  90:.\CommonFunctions.c **** {
  33              		.loc 1 90 0
  34              		.cfi_startproc
  35 0000 80B5     		push	{r7, lr}
  36              		.cfi_def_cfa_offset 8
  37              		.cfi_offset 7, -8
  38              		.cfi_offset 14, -4
  39 0002 00AF     		add	r7, sp, #0
  40              		.cfi_def_cfa_register 7
  91:.\CommonFunctions.c ****     /* Clear wakeup pin interrupt
  92:.\CommonFunctions.c ****     SW_ClearInterrupt();
  93:.\CommonFunctions.c ****     */
  94:.\CommonFunctions.c ****     /* Generate reference signals for temperature measurement */
  95:.\CommonFunctions.c ****     V_HIGH_Write(DRIVE_HIGH);
  41              		.loc 1 95 0
  42 0004 0120     		mov	r0, #1
  43 0006 FFF7FEFF 		bl	V_HIGH_Write
  96:.\CommonFunctions.c ****     V_LOW_Write(DRIVE_LOW);
  44              		.loc 1 96 0
  45 000a 0020     		mov	r0, #0
  46 000c FFF7FEFF 		bl	V_LOW_Write
  97:.\CommonFunctions.c ****     
  98:.\CommonFunctions.c ****     /* Enable BLE and related resouces */
  99:.\CommonFunctions.c ****     EnableBLE();
  47              		.loc 1 99 0
  48 0010 FFF7FEFF 		bl	EnableBLE
 100:.\CommonFunctions.c ****     
 101:.\CommonFunctions.c ****     /* Enable ADC for temperature measurement */
 102:.\CommonFunctions.c ****     ADC_Start();
  49              		.loc 1 102 0
  50 0014 FFF7FEFF 		bl	ADC_Start
 103:.\CommonFunctions.c **** }
  51              		.loc 1 103 0
  52 0018 BD46     		mov	sp, r7
  53              		@ sp needed
  54 001a 80BD     		pop	{r7, pc}
  55              		.cfi_endproc
  56              	.LFE35:
  57              		.size	InitializeSystem, .-InitializeSystem
  58              		.section	.text.PrepareForDeepSleep,"ax",%progbits
  59              		.align	2
  60              		.global	PrepareForDeepSleep
  61              		.code	16
  62              		.thumb_func
  63              		.type	PrepareForDeepSleep, %function
  64              	PrepareForDeepSleep:
  65              	.LFB36:
 104:.\CommonFunctions.c **** 
 105:.\CommonFunctions.c **** /*****************************************************************************
 106:.\CommonFunctions.c **** * Function Name: PrepareForDeepSleep()
ARM GAS  C:\Users\Shahed\AppData\Local\Temp\ccKrvZsr.s 			page 4


 107:.\CommonFunctions.c **** ******************************************************************************
 108:.\CommonFunctions.c **** * Summary:
 109:.\CommonFunctions.c **** * Prepare the system for deep sleep
 110:.\CommonFunctions.c **** *
 111:.\CommonFunctions.c **** * Parameters:
 112:.\CommonFunctions.c **** * None
 113:.\CommonFunctions.c **** *
 114:.\CommonFunctions.c **** * Return:
 115:.\CommonFunctions.c **** * None
 116:.\CommonFunctions.c **** *
 117:.\CommonFunctions.c **** * Theory:
 118:.\CommonFunctions.c **** * Disables the block to prepare the system for deep sleep 
 119:.\CommonFunctions.c **** *
 120:.\CommonFunctions.c **** * Side Effects:
 121:.\CommonFunctions.c **** * None
 122:.\CommonFunctions.c **** *
 123:.\CommonFunctions.c **** * Note:
 124:.\CommonFunctions.c **** *
 125:.\CommonFunctions.c **** *****************************************************************************/
 126:.\CommonFunctions.c **** void PrepareForDeepSleep (void)
 127:.\CommonFunctions.c **** {
  66              		.loc 1 127 0
  67              		.cfi_startproc
  68 0000 80B5     		push	{r7, lr}
  69              		.cfi_def_cfa_offset 8
  70              		.cfi_offset 7, -8
  71              		.cfi_offset 14, -4
  72 0002 00AF     		add	r7, sp, #0
  73              		.cfi_def_cfa_register 7
 128:.\CommonFunctions.c ****     /* Disable reference signal to ensure no leakage currents */
 129:.\CommonFunctions.c ****     V_HIGH_Write(DRIVE_LOW);
  74              		.loc 1 129 0
  75 0004 0020     		mov	r0, #0
  76 0006 FFF7FEFF 		bl	V_HIGH_Write
 130:.\CommonFunctions.c ****     V_LOW_Write(DRIVE_LOW);
  77              		.loc 1 130 0
  78 000a 0020     		mov	r0, #0
  79 000c FFF7FEFF 		bl	V_LOW_Write
 131:.\CommonFunctions.c ****     
 132:.\CommonFunctions.c ****     /* If ADC is enabled then disable ADC */
 133:.\CommonFunctions.c ****     /* Note: Calling ADC_Sleep twice will disable ADC. ADC_Start function 
 134:.\CommonFunctions.c ****     *  should be called instead of ADC_Wakeup function to re-enable the ADC 
 135:.\CommonFunctions.c ****     */
 136:.\CommonFunctions.c ****     if (ADC_SAR_CTRL_REG  & ADC_ENABLE)
  80              		.loc 1 136 0
  81 0010 034B     		ldr	r3, .L4
  82 0012 1B68     		ldr	r3, [r3]
  83 0014 002B     		cmp	r3, #0
  84 0016 01DA     		bge	.L2
 137:.\CommonFunctions.c ****     {
 138:.\CommonFunctions.c ****         ADC_Sleep();
  85              		.loc 1 138 0
  86 0018 FFF7FEFF 		bl	ADC_Sleep
  87              	.L2:
 139:.\CommonFunctions.c ****     }
 140:.\CommonFunctions.c **** }
  88              		.loc 1 140 0
ARM GAS  C:\Users\Shahed\AppData\Local\Temp\ccKrvZsr.s 			page 5


  89 001c BD46     		mov	sp, r7
  90              		@ sp needed
  91 001e 80BD     		pop	{r7, pc}
  92              	.L5:
  93              		.align	2
  94              	.L4:
  95 0020 00003A40 		.word	1077542912
  96              		.cfi_endproc
  97              	.LFE36:
  98              		.size	PrepareForDeepSleep, .-PrepareForDeepSleep
  99              		.section	.text.WakeupFromDeepSleep,"ax",%progbits
 100              		.align	2
 101              		.global	WakeupFromDeepSleep
 102              		.code	16
 103              		.thumb_func
 104              		.type	WakeupFromDeepSleep, %function
 105              	WakeupFromDeepSleep:
 106              	.LFB37:
 141:.\CommonFunctions.c **** 
 142:.\CommonFunctions.c **** /*****************************************************************************
 143:.\CommonFunctions.c **** * Function Name: WakeupFromDeepSleep()
 144:.\CommonFunctions.c **** ******************************************************************************
 145:.\CommonFunctions.c **** * Summary:
 146:.\CommonFunctions.c **** * Wakes up the system from deep sleep
 147:.\CommonFunctions.c **** *
 148:.\CommonFunctions.c **** * Parameters:
 149:.\CommonFunctions.c **** * None
 150:.\CommonFunctions.c **** *
 151:.\CommonFunctions.c **** * Return:
 152:.\CommonFunctions.c **** * None
 153:.\CommonFunctions.c **** *
 154:.\CommonFunctions.c **** * Theory:
 155:.\CommonFunctions.c **** * Enables the reference signal and start ADC for temperature measurement.
 156:.\CommonFunctions.c **** *
 157:.\CommonFunctions.c **** * Side Effects:
 158:.\CommonFunctions.c **** * None
 159:.\CommonFunctions.c **** *
 160:.\CommonFunctions.c **** * Note:
 161:.\CommonFunctions.c **** *
 162:.\CommonFunctions.c **** *****************************************************************************/
 163:.\CommonFunctions.c **** void WakeupFromDeepSleep (void)
 164:.\CommonFunctions.c **** {
 107              		.loc 1 164 0
 108              		.cfi_startproc
 109 0000 80B5     		push	{r7, lr}
 110              		.cfi_def_cfa_offset 8
 111              		.cfi_offset 7, -8
 112              		.cfi_offset 14, -4
 113 0002 00AF     		add	r7, sp, #0
 114              		.cfi_def_cfa_register 7
 165:.\CommonFunctions.c ****     /* Generate reference signals for temperature measurement */
 166:.\CommonFunctions.c ****     V_HIGH_Write(DRIVE_HIGH);
 115              		.loc 1 166 0
 116 0004 0120     		mov	r0, #1
 117 0006 FFF7FEFF 		bl	V_HIGH_Write
 167:.\CommonFunctions.c ****     V_LOW_Write(DRIVE_LOW);
 118              		.loc 1 167 0
ARM GAS  C:\Users\Shahed\AppData\Local\Temp\ccKrvZsr.s 			page 6


 119 000a 0020     		mov	r0, #0
 120 000c FFF7FEFF 		bl	V_LOW_Write
 168:.\CommonFunctions.c ****     
 169:.\CommonFunctions.c ****     /* Enable ADC for temperature measurement */
 170:.\CommonFunctions.c ****     ADC_Wakeup();
 121              		.loc 1 170 0
 122 0010 FFF7FEFF 		bl	ADC_Wakeup
 171:.\CommonFunctions.c **** }
 123              		.loc 1 171 0
 124 0014 BD46     		mov	sp, r7
 125              		@ sp needed
 126 0016 80BD     		pop	{r7, pc}
 127              		.cfi_endproc
 128              	.LFE37:
 129              		.size	WakeupFromDeepSleep, .-WakeupFromDeepSleep
 130              		.text
 131              	.Letext0:
 132              		.file 2 ".\\Generated_Source\\PSoC4/cytypes.h"
 133              		.file 3 ".\\Generated_Source\\PSoC4/BLE_Stack.h"
 134              		.file 4 ".\\Generated_Source\\PSoC4/BLE_dis.h"
 135              		.file 5 ".\\Generated_Source\\PSoC4/BLE_hts.h"
 136              		.section	.debug_info,"",%progbits
 137              	.Ldebug_info0:
 138 0000 DB020000 		.4byte	0x2db
 139 0004 0400     		.2byte	0x4
 140 0006 00000000 		.4byte	.Ldebug_abbrev0
 141 000a 04       		.byte	0x4
 142 000b 01       		.uleb128 0x1
 143 000c 23090000 		.4byte	.LASF90
 144 0010 01       		.byte	0x1
 145 0011 55060000 		.4byte	.LASF91
 146 0015 BD050000 		.4byte	.LASF92
 147 0019 00000000 		.4byte	.Ldebug_ranges0+0
 148 001d 00000000 		.4byte	0
 149 0021 00000000 		.4byte	.Ldebug_line0
 150 0025 02       		.uleb128 0x2
 151 0026 01       		.byte	0x1
 152 0027 06       		.byte	0x6
 153 0028 37040000 		.4byte	.LASF0
 154 002c 02       		.uleb128 0x2
 155 002d 01       		.byte	0x1
 156 002e 08       		.byte	0x8
 157 002f EC030000 		.4byte	.LASF1
 158 0033 02       		.uleb128 0x2
 159 0034 02       		.byte	0x2
 160 0035 05       		.byte	0x5
 161 0036 59000000 		.4byte	.LASF2
 162 003a 02       		.uleb128 0x2
 163 003b 02       		.byte	0x2
 164 003c 07       		.byte	0x7
 165 003d 40050000 		.4byte	.LASF3
 166 0041 02       		.uleb128 0x2
 167 0042 04       		.byte	0x4
 168 0043 05       		.byte	0x5
 169 0044 98020000 		.4byte	.LASF4
 170 0048 02       		.uleb128 0x2
 171 0049 04       		.byte	0x4
ARM GAS  C:\Users\Shahed\AppData\Local\Temp\ccKrvZsr.s 			page 7


 172 004a 07       		.byte	0x7
 173 004b C8040000 		.4byte	.LASF5
 174 004f 02       		.uleb128 0x2
 175 0050 08       		.byte	0x8
 176 0051 05       		.byte	0x5
 177 0052 73020000 		.4byte	.LASF6
 178 0056 02       		.uleb128 0x2
 179 0057 08       		.byte	0x8
 180 0058 07       		.byte	0x7
 181 0059 81020000 		.4byte	.LASF7
 182 005d 03       		.uleb128 0x3
 183 005e 04       		.byte	0x4
 184 005f 05       		.byte	0x5
 185 0060 696E7400 		.ascii	"int\000"
 186 0064 02       		.uleb128 0x2
 187 0065 04       		.byte	0x4
 188 0066 07       		.byte	0x7
 189 0067 A0040000 		.4byte	.LASF8
 190 006b 04       		.uleb128 0x4
 191 006c A6060000 		.4byte	.LASF12
 192 0070 02       		.byte	0x2
 193 0071 A3       		.byte	0xa3
 194 0072 48000000 		.4byte	0x48
 195 0076 02       		.uleb128 0x2
 196 0077 04       		.byte	0x4
 197 0078 04       		.byte	0x4
 198 0079 3A020000 		.4byte	.LASF9
 199 007d 02       		.uleb128 0x2
 200 007e 08       		.byte	0x8
 201 007f 04       		.byte	0x4
 202 0080 EE060000 		.4byte	.LASF10
 203 0084 02       		.uleb128 0x2
 204 0085 01       		.byte	0x1
 205 0086 08       		.byte	0x8
 206 0087 8D050000 		.4byte	.LASF11
 207 008b 05       		.uleb128 0x5
 208 008c 3A050000 		.4byte	.LASF13
 209 0090 02       		.byte	0x2
 210 0091 4D01     		.2byte	0x14d
 211 0093 97000000 		.4byte	0x97
 212 0097 06       		.uleb128 0x6
 213 0098 6B000000 		.4byte	0x6b
 214 009c 02       		.uleb128 0x2
 215 009d 04       		.byte	0x4
 216 009e 07       		.byte	0x7
 217 009f 9B000000 		.4byte	.LASF14
 218 00a3 07       		.uleb128 0x7
 219 00a4 01       		.byte	0x1
 220 00a5 03       		.byte	0x3
 221 00a6 58       		.byte	0x58
 222 00a7 13020000 		.4byte	0x213
 223 00ab 08       		.uleb128 0x8
 224 00ac D6010000 		.4byte	.LASF15
 225 00b0 00       		.sleb128 0
 226 00b1 08       		.uleb128 0x8
 227 00b2 41010000 		.4byte	.LASF16
 228 00b6 01       		.sleb128 1
ARM GAS  C:\Users\Shahed\AppData\Local\Temp\ccKrvZsr.s 			page 8


 229 00b7 08       		.uleb128 0x8
 230 00b8 5A080000 		.4byte	.LASF17
 231 00bc 02       		.sleb128 2
 232 00bd 08       		.uleb128 0x8
 233 00be 51070000 		.4byte	.LASF18
 234 00c2 03       		.sleb128 3
 235 00c3 08       		.uleb128 0x8
 236 00c4 0B010000 		.4byte	.LASF19
 237 00c8 04       		.sleb128 4
 238 00c9 08       		.uleb128 0x8
 239 00ca 41030000 		.4byte	.LASF20
 240 00ce 05       		.sleb128 5
 241 00cf 08       		.uleb128 0x8
 242 00d0 AF070000 		.4byte	.LASF21
 243 00d4 20       		.sleb128 32
 244 00d5 08       		.uleb128 0x8
 245 00d6 E5040000 		.4byte	.LASF22
 246 00da 21       		.sleb128 33
 247 00db 08       		.uleb128 0x8
 248 00dc 2D070000 		.4byte	.LASF23
 249 00e0 22       		.sleb128 34
 250 00e1 08       		.uleb128 0x8
 251 00e2 74030000 		.4byte	.LASF24
 252 00e6 23       		.sleb128 35
 253 00e7 08       		.uleb128 0x8
 254 00e8 84040000 		.4byte	.LASF25
 255 00ec 24       		.sleb128 36
 256 00ed 08       		.uleb128 0x8
 257 00ee 63000000 		.4byte	.LASF26
 258 00f2 25       		.sleb128 37
 259 00f3 08       		.uleb128 0x8
 260 00f4 F8020000 		.4byte	.LASF27
 261 00f8 26       		.sleb128 38
 262 00f9 08       		.uleb128 0x8
 263 00fa D9020000 		.4byte	.LASF28
 264 00fe 27       		.sleb128 39
 265 00ff 08       		.uleb128 0x8
 266 0100 CE080000 		.4byte	.LASF29
 267 0104 28       		.sleb128 40
 268 0105 08       		.uleb128 0x8
 269 0106 1D050000 		.4byte	.LASF30
 270 010a 29       		.sleb128 41
 271 010b 08       		.uleb128 0x8
 272 010c 64050000 		.4byte	.LASF31
 273 0110 2A       		.sleb128 42
 274 0111 08       		.uleb128 0x8
 275 0112 90080000 		.4byte	.LASF32
 276 0116 2B       		.sleb128 43
 277 0117 08       		.uleb128 0x8
 278 0118 72010000 		.4byte	.LASF33
 279 011c 2C       		.sleb128 44
 280 011d 08       		.uleb128 0x8
 281 011e BC000000 		.4byte	.LASF34
 282 0122 C000     		.sleb128 64
 283 0124 08       		.uleb128 0x8
 284 0125 AD040000 		.4byte	.LASF35
 285 0129 C100     		.sleb128 65
ARM GAS  C:\Users\Shahed\AppData\Local\Temp\ccKrvZsr.s 			page 9


 286 012b 08       		.uleb128 0x8
 287 012c 7D000000 		.4byte	.LASF36
 288 0130 C200     		.sleb128 66
 289 0132 08       		.uleb128 0x8
 290 0133 54010000 		.4byte	.LASF37
 291 0137 C300     		.sleb128 67
 292 0139 08       		.uleb128 0x8
 293 013a 25080000 		.4byte	.LASF38
 294 013e C400     		.sleb128 68
 295 0140 08       		.uleb128 0x8
 296 0141 E7070000 		.4byte	.LASF39
 297 0145 C500     		.sleb128 69
 298 0147 08       		.uleb128 0x8
 299 0148 20010000 		.4byte	.LASF40
 300 014c C600     		.sleb128 70
 301 014e 08       		.uleb128 0x8
 302 014f 19040000 		.4byte	.LASF41
 303 0153 C700     		.sleb128 71
 304 0155 08       		.uleb128 0x8
 305 0156 5D040000 		.4byte	.LASF42
 306 015a C800     		.sleb128 72
 307 015c 08       		.uleb128 0x8
 308 015d 40020000 		.4byte	.LASF43
 309 0161 C900     		.sleb128 73
 310 0163 08       		.uleb128 0x8
 311 0164 69060000 		.4byte	.LASF44
 312 0168 CA00     		.sleb128 74
 313 016a 08       		.uleb128 0x8
 314 016b 96010000 		.4byte	.LASF45
 315 016f CB00     		.sleb128 75
 316 0171 08       		.uleb128 0x8
 317 0172 43040000 		.4byte	.LASF46
 318 0176 CC00     		.sleb128 76
 319 0178 08       		.uleb128 0x8
 320 0179 59020000 		.4byte	.LASF47
 321 017d CD00     		.sleb128 77
 322 017f 08       		.uleb128 0x8
 323 0180 ED000000 		.4byte	.LASF48
 324 0184 CE00     		.sleb128 78
 325 0186 08       		.uleb128 0x8
 326 0187 FA030000 		.4byte	.LASF49
 327 018b CF00     		.sleb128 79
 328 018d 08       		.uleb128 0x8
 329 018e AF080000 		.4byte	.LASF50
 330 0192 D000     		.sleb128 80
 331 0194 08       		.uleb128 0x8
 332 0195 87060000 		.4byte	.LASF51
 333 0199 D100     		.sleb128 81
 334 019b 08       		.uleb128 0x8
 335 019c 20030000 		.4byte	.LASF52
 336 01a0 D200     		.sleb128 82
 337 01a2 08       		.uleb128 0x8
 338 01a3 A1020000 		.4byte	.LASF53
 339 01a7 D300     		.sleb128 83
 340 01a9 08       		.uleb128 0x8
 341 01aa B5010000 		.4byte	.LASF54
 342 01ae D400     		.sleb128 84
ARM GAS  C:\Users\Shahed\AppData\Local\Temp\ccKrvZsr.s 			page 10


 343 01b0 08       		.uleb128 0x8
 344 01b1 FF080000 		.4byte	.LASF55
 345 01b5 D500     		.sleb128 85
 346 01b7 08       		.uleb128 0x8
 347 01b8 C6030000 		.4byte	.LASF56
 348 01bc F000     		.sleb128 112
 349 01be 08       		.uleb128 0x8
 350 01bf 89070000 		.4byte	.LASF57
 351 01c3 F100     		.sleb128 113
 352 01c5 08       		.uleb128 0x8
 353 01c6 21060000 		.4byte	.LASF58
 354 01ca F200     		.sleb128 114
 355 01cc 08       		.uleb128 0x8
 356 01cd ED010000 		.4byte	.LASF59
 357 01d1 F300     		.sleb128 115
 358 01d3 08       		.uleb128 0x8
 359 01d4 9A030000 		.4byte	.LASF60
 360 01d8 F400     		.sleb128 116
 361 01da 08       		.uleb128 0x8
 362 01db FC040000 		.4byte	.LASF61
 363 01df F500     		.sleb128 117
 364 01e1 08       		.uleb128 0x8
 365 01e2 19020000 		.4byte	.LASF62
 366 01e6 F600     		.sleb128 118
 367 01e8 08       		.uleb128 0x8
 368 01e9 6A070000 		.4byte	.LASF63
 369 01ed F700     		.sleb128 119
 370 01ef 08       		.uleb128 0x8
 371 01f0 CB060000 		.4byte	.LASF64
 372 01f4 F800     		.sleb128 120
 373 01f6 08       		.uleb128 0x8
 374 01f7 F5060000 		.4byte	.LASF65
 375 01fb F900     		.sleb128 121
 376 01fd 08       		.uleb128 0x8
 377 01fe 6C080000 		.4byte	.LASF66
 378 0202 FA00     		.sleb128 122
 379 0204 08       		.uleb128 0x8
 380 0205 AD060000 		.4byte	.LASF67
 381 0209 FA01     		.sleb128 250
 382 020b 08       		.uleb128 0x8
 383 020c B8030000 		.4byte	.LASF68
 384 0210 FF01     		.sleb128 255
 385 0212 00       		.byte	0
 386 0213 07       		.uleb128 0x7
 387 0214 01       		.byte	0x1
 388 0215 04       		.byte	0x4
 389 0216 1D       		.byte	0x1d
 390 0217 58020000 		.4byte	0x258
 391 021b 08       		.uleb128 0x8
 392 021c B3090000 		.4byte	.LASF69
 393 0220 00       		.sleb128 0
 394 0221 08       		.uleb128 0x8
 395 0222 5D030000 		.4byte	.LASF70
 396 0226 01       		.sleb128 1
 397 0227 08       		.uleb128 0x8
 398 0228 A4000000 		.4byte	.LASF71
 399 022c 02       		.sleb128 2
ARM GAS  C:\Users\Shahed\AppData\Local\Temp\ccKrvZsr.s 			page 11


 400 022d 08       		.uleb128 0x8
 401 022e 43080000 		.4byte	.LASF72
 402 0232 03       		.sleb128 3
 403 0233 08       		.uleb128 0x8
 404 0234 0E080000 		.4byte	.LASF73
 405 0238 04       		.sleb128 4
 406 0239 08       		.uleb128 0x8
 407 023a D6000000 		.4byte	.LASF74
 408 023e 05       		.sleb128 5
 409 023f 08       		.uleb128 0x8
 410 0240 9F090000 		.4byte	.LASF75
 411 0244 06       		.sleb128 6
 412 0245 08       		.uleb128 0x8
 413 0246 3D060000 		.4byte	.LASF76
 414 024a 07       		.sleb128 7
 415 024b 08       		.uleb128 0x8
 416 024c CF090000 		.4byte	.LASF77
 417 0250 08       		.sleb128 8
 418 0251 08       		.uleb128 0x8
 419 0252 18070000 		.4byte	.LASF78
 420 0256 09       		.sleb128 9
 421 0257 00       		.byte	0
 422 0258 07       		.uleb128 0x7
 423 0259 01       		.byte	0x1
 424 025a 05       		.byte	0x5
 425 025b 1C       		.byte	0x1c
 426 025c 7F020000 		.4byte	0x27f
 427 0260 08       		.uleb128 0x8
 428 0261 C2020000 		.4byte	.LASF79
 429 0265 00       		.sleb128 0
 430 0266 08       		.uleb128 0x8
 431 0267 D3070000 		.4byte	.LASF80
 432 026b 01       		.sleb128 1
 433 026c 08       		.uleb128 0x8
 434 026d 92050000 		.4byte	.LASF81
 435 0271 02       		.sleb128 2
 436 0272 08       		.uleb128 0x8
 437 0273 14000000 		.4byte	.LASF82
 438 0277 03       		.sleb128 3
 439 0278 08       		.uleb128 0x8
 440 0279 A8050000 		.4byte	.LASF83
 441 027d 04       		.sleb128 4
 442 027e 00       		.byte	0
 443 027f 07       		.uleb128 0x7
 444 0280 01       		.byte	0x1
 445 0281 05       		.byte	0x5
 446 0282 27       		.byte	0x27
 447 0283 9A020000 		.4byte	0x29a
 448 0287 08       		.uleb128 0x8
 449 0288 F0080000 		.4byte	.LASF84
 450 028c 00       		.sleb128 0
 451 028d 08       		.uleb128 0x8
 452 028e 0B020000 		.4byte	.LASF85
 453 0292 01       		.sleb128 1
 454 0293 08       		.uleb128 0x8
 455 0294 43000000 		.4byte	.LASF86
 456 0298 02       		.sleb128 2
ARM GAS  C:\Users\Shahed\AppData\Local\Temp\ccKrvZsr.s 			page 12


 457 0299 00       		.byte	0
 458 029a 09       		.uleb128 0x9
 459 029b 53050000 		.4byte	.LASF87
 460 029f 01       		.byte	0x1
 461 02a0 59       		.byte	0x59
 462 02a1 00000000 		.4byte	.LFB35
 463 02a5 1C000000 		.4byte	.LFE35-.LFB35
 464 02a9 01       		.uleb128 0x1
 465 02aa 9C       		.byte	0x9c
 466 02ab 09       		.uleb128 0x9
 467 02ac 00000000 		.4byte	.LASF88
 468 02b0 01       		.byte	0x1
 469 02b1 7E       		.byte	0x7e
 470 02b2 00000000 		.4byte	.LFB36
 471 02b6 24000000 		.4byte	.LFE36-.LFB36
 472 02ba 01       		.uleb128 0x1
 473 02bb 9C       		.byte	0x9c
 474 02bc 09       		.uleb128 0x9
 475 02bd 2F000000 		.4byte	.LASF89
 476 02c1 01       		.byte	0x1
 477 02c2 A3       		.byte	0xa3
 478 02c3 00000000 		.4byte	.LFB37
 479 02c7 18000000 		.4byte	.LFE37-.LFB37
 480 02cb 01       		.uleb128 0x1
 481 02cc 9C       		.byte	0x9c
 482 02cd 0A       		.uleb128 0xa
 483 02ce DA040000 		.4byte	.LASF93
 484 02d2 01       		.byte	0x1
 485 02d3 39       		.byte	0x39
 486 02d4 6B000000 		.4byte	0x6b
 487 02d8 05       		.uleb128 0x5
 488 02d9 03       		.byte	0x3
 489 02da 00000000 		.4byte	SystemFlag
 490 02de 00       		.byte	0
 491              		.section	.debug_abbrev,"",%progbits
 492              	.Ldebug_abbrev0:
 493 0000 01       		.uleb128 0x1
 494 0001 11       		.uleb128 0x11
 495 0002 01       		.byte	0x1
 496 0003 25       		.uleb128 0x25
 497 0004 0E       		.uleb128 0xe
 498 0005 13       		.uleb128 0x13
 499 0006 0B       		.uleb128 0xb
 500 0007 03       		.uleb128 0x3
 501 0008 0E       		.uleb128 0xe
 502 0009 1B       		.uleb128 0x1b
 503 000a 0E       		.uleb128 0xe
 504 000b 55       		.uleb128 0x55
 505 000c 17       		.uleb128 0x17
 506 000d 11       		.uleb128 0x11
 507 000e 01       		.uleb128 0x1
 508 000f 10       		.uleb128 0x10
 509 0010 17       		.uleb128 0x17
 510 0011 00       		.byte	0
 511 0012 00       		.byte	0
 512 0013 02       		.uleb128 0x2
 513 0014 24       		.uleb128 0x24
ARM GAS  C:\Users\Shahed\AppData\Local\Temp\ccKrvZsr.s 			page 13


 514 0015 00       		.byte	0
 515 0016 0B       		.uleb128 0xb
 516 0017 0B       		.uleb128 0xb
 517 0018 3E       		.uleb128 0x3e
 518 0019 0B       		.uleb128 0xb
 519 001a 03       		.uleb128 0x3
 520 001b 0E       		.uleb128 0xe
 521 001c 00       		.byte	0
 522 001d 00       		.byte	0
 523 001e 03       		.uleb128 0x3
 524 001f 24       		.uleb128 0x24
 525 0020 00       		.byte	0
 526 0021 0B       		.uleb128 0xb
 527 0022 0B       		.uleb128 0xb
 528 0023 3E       		.uleb128 0x3e
 529 0024 0B       		.uleb128 0xb
 530 0025 03       		.uleb128 0x3
 531 0026 08       		.uleb128 0x8
 532 0027 00       		.byte	0
 533 0028 00       		.byte	0
 534 0029 04       		.uleb128 0x4
 535 002a 16       		.uleb128 0x16
 536 002b 00       		.byte	0
 537 002c 03       		.uleb128 0x3
 538 002d 0E       		.uleb128 0xe
 539 002e 3A       		.uleb128 0x3a
 540 002f 0B       		.uleb128 0xb
 541 0030 3B       		.uleb128 0x3b
 542 0031 0B       		.uleb128 0xb
 543 0032 49       		.uleb128 0x49
 544 0033 13       		.uleb128 0x13
 545 0034 00       		.byte	0
 546 0035 00       		.byte	0
 547 0036 05       		.uleb128 0x5
 548 0037 16       		.uleb128 0x16
 549 0038 00       		.byte	0
 550 0039 03       		.uleb128 0x3
 551 003a 0E       		.uleb128 0xe
 552 003b 3A       		.uleb128 0x3a
 553 003c 0B       		.uleb128 0xb
 554 003d 3B       		.uleb128 0x3b
 555 003e 05       		.uleb128 0x5
 556 003f 49       		.uleb128 0x49
 557 0040 13       		.uleb128 0x13
 558 0041 00       		.byte	0
 559 0042 00       		.byte	0
 560 0043 06       		.uleb128 0x6
 561 0044 35       		.uleb128 0x35
 562 0045 00       		.byte	0
 563 0046 49       		.uleb128 0x49
 564 0047 13       		.uleb128 0x13
 565 0048 00       		.byte	0
 566 0049 00       		.byte	0
 567 004a 07       		.uleb128 0x7
 568 004b 04       		.uleb128 0x4
 569 004c 01       		.byte	0x1
 570 004d 0B       		.uleb128 0xb
ARM GAS  C:\Users\Shahed\AppData\Local\Temp\ccKrvZsr.s 			page 14


 571 004e 0B       		.uleb128 0xb
 572 004f 3A       		.uleb128 0x3a
 573 0050 0B       		.uleb128 0xb
 574 0051 3B       		.uleb128 0x3b
 575 0052 0B       		.uleb128 0xb
 576 0053 01       		.uleb128 0x1
 577 0054 13       		.uleb128 0x13
 578 0055 00       		.byte	0
 579 0056 00       		.byte	0
 580 0057 08       		.uleb128 0x8
 581 0058 28       		.uleb128 0x28
 582 0059 00       		.byte	0
 583 005a 03       		.uleb128 0x3
 584 005b 0E       		.uleb128 0xe
 585 005c 1C       		.uleb128 0x1c
 586 005d 0D       		.uleb128 0xd
 587 005e 00       		.byte	0
 588 005f 00       		.byte	0
 589 0060 09       		.uleb128 0x9
 590 0061 2E       		.uleb128 0x2e
 591 0062 00       		.byte	0
 592 0063 3F       		.uleb128 0x3f
 593 0064 19       		.uleb128 0x19
 594 0065 03       		.uleb128 0x3
 595 0066 0E       		.uleb128 0xe
 596 0067 3A       		.uleb128 0x3a
 597 0068 0B       		.uleb128 0xb
 598 0069 3B       		.uleb128 0x3b
 599 006a 0B       		.uleb128 0xb
 600 006b 27       		.uleb128 0x27
 601 006c 19       		.uleb128 0x19
 602 006d 11       		.uleb128 0x11
 603 006e 01       		.uleb128 0x1
 604 006f 12       		.uleb128 0x12
 605 0070 06       		.uleb128 0x6
 606 0071 40       		.uleb128 0x40
 607 0072 18       		.uleb128 0x18
 608 0073 9642     		.uleb128 0x2116
 609 0075 19       		.uleb128 0x19
 610 0076 00       		.byte	0
 611 0077 00       		.byte	0
 612 0078 0A       		.uleb128 0xa
 613 0079 34       		.uleb128 0x34
 614 007a 00       		.byte	0
 615 007b 03       		.uleb128 0x3
 616 007c 0E       		.uleb128 0xe
 617 007d 3A       		.uleb128 0x3a
 618 007e 0B       		.uleb128 0xb
 619 007f 3B       		.uleb128 0x3b
 620 0080 0B       		.uleb128 0xb
 621 0081 49       		.uleb128 0x49
 622 0082 13       		.uleb128 0x13
 623 0083 3F       		.uleb128 0x3f
 624 0084 19       		.uleb128 0x19
 625 0085 02       		.uleb128 0x2
 626 0086 18       		.uleb128 0x18
 627 0087 00       		.byte	0
ARM GAS  C:\Users\Shahed\AppData\Local\Temp\ccKrvZsr.s 			page 15


 628 0088 00       		.byte	0
 629 0089 00       		.byte	0
 630              		.section	.debug_aranges,"",%progbits
 631 0000 2C000000 		.4byte	0x2c
 632 0004 0200     		.2byte	0x2
 633 0006 00000000 		.4byte	.Ldebug_info0
 634 000a 04       		.byte	0x4
 635 000b 00       		.byte	0
 636 000c 0000     		.2byte	0
 637 000e 0000     		.2byte	0
 638 0010 00000000 		.4byte	.LFB35
 639 0014 1C000000 		.4byte	.LFE35-.LFB35
 640 0018 00000000 		.4byte	.LFB36
 641 001c 24000000 		.4byte	.LFE36-.LFB36
 642 0020 00000000 		.4byte	.LFB37
 643 0024 18000000 		.4byte	.LFE37-.LFB37
 644 0028 00000000 		.4byte	0
 645 002c 00000000 		.4byte	0
 646              		.section	.debug_ranges,"",%progbits
 647              	.Ldebug_ranges0:
 648 0000 00000000 		.4byte	.LFB35
 649 0004 1C000000 		.4byte	.LFE35
 650 0008 00000000 		.4byte	.LFB36
 651 000c 24000000 		.4byte	.LFE36
 652 0010 00000000 		.4byte	.LFB37
 653 0014 18000000 		.4byte	.LFE37
 654 0018 00000000 		.4byte	0
 655 001c 00000000 		.4byte	0
 656              		.section	.debug_line,"",%progbits
 657              	.Ldebug_line0:
 658 0000 BD000000 		.section	.debug_str,"MS",%progbits,1
 658      02007900 
 658      00000201 
 658      FB0E0D00 
 658      01010101 
 659              	.LASF88:
 660 0000 50726570 		.ascii	"PrepareForDeepSleep\000"
 660      61726546 
 660      6F724465 
 660      6570536C 
 660      65657000 
 661              	.LASF82:
 662 0014 4359424C 		.ascii	"CYBLE_HTS_MEASURE_INTERVAL\000"
 662      455F4854 
 662      535F4D45 
 662      41535552 
 662      455F494E 
 663              	.LASF89:
 664 002f 57616B65 		.ascii	"WakeupFromDeepSleep\000"
 664      75704672 
 664      6F6D4465 
 664      6570536C 
 664      65657000 
 665              	.LASF86:
 666 0043 4359424C 		.ascii	"CYBLE_HTS_DESCR_COUNT\000"
 666      455F4854 
 666      535F4445 
ARM GAS  C:\Users\Shahed\AppData\Local\Temp\ccKrvZsr.s 			page 16


 666      5343525F 
 666      434F554E 
 667              	.LASF2:
 668 0059 73686F72 		.ascii	"short int\000"
 668      7420696E 
 668      7400
 669              	.LASF26:
 670 0063 4359424C 		.ascii	"CYBLE_EVT_GAP_AUTH_FAILED\000"
 670      455F4556 
 670      545F4741 
 670      505F4155 
 670      54485F46 
 671              	.LASF36:
 672 007d 4359424C 		.ascii	"CYBLE_EVT_GATT_DISCONNECT_IND\000"
 672      455F4556 
 672      545F4741 
 672      54545F44 
 672      4953434F 
 673              	.LASF14:
 674 009b 73697A65 		.ascii	"sizetype\000"
 674      74797065 
 674      00
 675              	.LASF71:
 676 00a4 4359424C 		.ascii	"CYBLE_DIS_SERIAL_NUMBER\000"
 676      455F4449 
 676      535F5345 
 676      5249414C 
 676      5F4E554D 
 677              	.LASF34:
 678 00bc 4359424C 		.ascii	"CYBLE_EVT_GATTC_ERROR_RSP\000"
 678      455F4556 
 678      545F4741 
 678      5454435F 
 678      4552524F 
 679              	.LASF74:
 680 00d6 4359424C 		.ascii	"CYBLE_DIS_SOFTWARE_REV\000"
 680      455F4449 
 680      535F534F 
 680      46545741 
 680      52455F52 
 681              	.LASF48:
 682 00ed 4359424C 		.ascii	"CYBLE_EVT_GATTS_WRITE_CMD_REQ\000"
 682      455F4556 
 682      545F4741 
 682      5454535F 
 682      57524954 
 683              	.LASF19:
 684 010b 4359424C 		.ascii	"CYBLE_EVT_HCI_STATUS\000"
 684      455F4556 
 684      545F4843 
 684      495F5354 
 684      41545553 
 685              	.LASF40:
 686 0120 4359424C 		.ascii	"CYBLE_EVT_GATTC_READ_BY_TYPE_RSP\000"
 686      455F4556 
 686      545F4741 
 686      5454435F 
ARM GAS  C:\Users\Shahed\AppData\Local\Temp\ccKrvZsr.s 			page 17


 686      52454144 
 687              	.LASF16:
 688 0141 4359424C 		.ascii	"CYBLE_EVT_STACK_ON\000"
 688      455F4556 
 688      545F5354 
 688      41434B5F 
 688      4F4E00
 689              	.LASF37:
 690 0154 4359424C 		.ascii	"CYBLE_EVT_GATTS_XCNHG_MTU_REQ\000"
 690      455F4556 
 690      545F4741 
 690      5454535F 
 690      58434E48 
 691              	.LASF33:
 692 0172 4359424C 		.ascii	"CYBLE_EVT_GAP_KEYINFO_EXCHNGE_CMPLT\000"
 692      455F4556 
 692      545F4741 
 692      505F4B45 
 692      59494E46 
 693              	.LASF45:
 694 0196 4359424C 		.ascii	"CYBLE_EVT_GATTC_READ_MULTI_RSP\000"
 694      455F4556 
 694      545F4741 
 694      5454435F 
 694      52454144 
 695              	.LASF54:
 696 01b5 4359424C 		.ascii	"CYBLE_EVT_GATTS_HANDLE_VALUE_CNF\000"
 696      455F4556 
 696      545F4741 
 696      5454535F 
 696      48414E44 
 697              	.LASF15:
 698 01d6 4359424C 		.ascii	"CYBLE_EVT_HOST_INVALID\000"
 698      455F4556 
 698      545F484F 
 698      53545F49 
 698      4E56414C 
 699              	.LASF59:
 700 01ed 4359424C 		.ascii	"CYBLE_EVT_L2CAP_CBFC_CONN_IND\000"
 700      455F4556 
 700      545F4C32 
 700      4341505F 
 700      43424643 
 701              	.LASF85:
 702 020b 4359424C 		.ascii	"CYBLE_HTS_VRD\000"
 702      455F4854 
 702      535F5652 
 702      4400
 703              	.LASF62:
 704 0219 4359424C 		.ascii	"CYBLE_EVT_L2CAP_CBFC_DISCONN_CNF\000"
 704      455F4556 
 704      545F4C32 
 704      4341505F 
 704      43424643 
 705              	.LASF9:
 706 023a 666C6F61 		.ascii	"float\000"
 706      7400
ARM GAS  C:\Users\Shahed\AppData\Local\Temp\ccKrvZsr.s 			page 18


 707              	.LASF43:
 708 0240 4359424C 		.ascii	"CYBLE_EVT_GATTC_READ_RSP\000"
 708      455F4556 
 708      545F4741 
 708      5454435F 
 708      52454144 
 709              	.LASF47:
 710 0259 4359424C 		.ascii	"CYBLE_EVT_GATTC_WRITE_RSP\000"
 710      455F4556 
 710      545F4741 
 710      5454435F 
 710      57524954 
 711              	.LASF6:
 712 0273 6C6F6E67 		.ascii	"long long int\000"
 712      206C6F6E 
 712      6720696E 
 712      7400
 713              	.LASF7:
 714 0281 6C6F6E67 		.ascii	"long long unsigned int\000"
 714      206C6F6E 
 714      6720756E 
 714      7369676E 
 714      65642069 
 715              	.LASF4:
 716 0298 6C6F6E67 		.ascii	"long int\000"
 716      20696E74 
 716      00
 717              	.LASF53:
 718 02a1 4359424C 		.ascii	"CYBLE_EVT_GATTC_HANDLE_VALUE_IND\000"
 718      455F4556 
 718      545F4741 
 718      5454435F 
 718      48414E44 
 719              	.LASF79:
 720 02c2 4359424C 		.ascii	"CYBLE_HTS_TEMP_MEASURE\000"
 720      455F4854 
 720      535F5445 
 720      4D505F4D 
 720      45415355 
 721              	.LASF28:
 722 02d9 4359424C 		.ascii	"CYBLE_EVT_GAP_DEVICE_CONNECTED\000"
 722      455F4556 
 722      545F4741 
 722      505F4445 
 722      56494345 
 723              	.LASF27:
 724 02f8 4359424C 		.ascii	"CYBLE_EVT_GAPP_ADVERTISEMENT_START_STOP\000"
 724      455F4556 
 724      545F4741 
 724      50505F41 
 724      44564552 
 725              	.LASF52:
 726 0320 4359424C 		.ascii	"CYBLE_EVT_GATTC_HANDLE_VALUE_NTF\000"
 726      455F4556 
 726      545F4741 
 726      5454435F 
 726      48414E44 
ARM GAS  C:\Users\Shahed\AppData\Local\Temp\ccKrvZsr.s 			page 19


 727              	.LASF20:
 728 0341 4359424C 		.ascii	"CYBLE_EVT_STACK_BUSY_STATUS\000"
 728      455F4556 
 728      545F5354 
 728      41434B5F 
 728      42555359 
 729              	.LASF70:
 730 035d 4359424C 		.ascii	"CYBLE_DIS_MODEL_NUMBER\000"
 730      455F4449 
 730      535F4D4F 
 730      44454C5F 
 730      4E554D42 
 731              	.LASF24:
 732 0374 4359424C 		.ascii	"CYBLE_EVT_GAP_PASSKEY_DISPLAY_REQUEST\000"
 732      455F4556 
 732      545F4741 
 732      505F5041 
 732      53534B45 
 733              	.LASF60:
 734 039a 4359424C 		.ascii	"CYBLE_EVT_L2CAP_CBFC_CONN_CNF\000"
 734      455F4556 
 734      545F4C32 
 734      4341505F 
 734      43424643 
 735              	.LASF68:
 736 03b8 4359424C 		.ascii	"CYBLE_EVT_MAX\000"
 736      455F4556 
 736      545F4D41 
 736      5800
 737              	.LASF56:
 738 03c6 4359424C 		.ascii	"CYBLE_EVT_L2CAP_CONN_PARAM_UPDATE_REQ\000"
 738      455F4556 
 738      545F4C32 
 738      4341505F 
 738      434F4E4E 
 739              	.LASF1:
 740 03ec 756E7369 		.ascii	"unsigned char\000"
 740      676E6564 
 740      20636861 
 740      7200
 741              	.LASF49:
 742 03fa 4359424C 		.ascii	"CYBLE_EVT_GATTS_PREP_WRITE_REQ\000"
 742      455F4556 
 742      545F4741 
 742      5454535F 
 742      50524550 
 743              	.LASF41:
 744 0419 4359424C 		.ascii	"CYBLE_EVT_GATTC_FIND_INFO_RSP\000"
 744      455F4556 
 744      545F4741 
 744      5454435F 
 744      46494E44 
 745              	.LASF0:
 746 0437 7369676E 		.ascii	"signed char\000"
 746      65642063 
 746      68617200 
 747              	.LASF46:
ARM GAS  C:\Users\Shahed\AppData\Local\Temp\ccKrvZsr.s 			page 20


 748 0443 4359424C 		.ascii	"CYBLE_EVT_GATTS_WRITE_REQ\000"
 748      455F4556 
 748      545F4741 
 748      5454535F 
 748      57524954 
 749              	.LASF42:
 750 045d 4359424C 		.ascii	"CYBLE_EVT_GATTC_FIND_BY_TYPE_VALUE_RSP\000"
 750      455F4556 
 750      545F4741 
 750      5454435F 
 750      46494E44 
 751              	.LASF25:
 752 0484 4359424C 		.ascii	"CYBLE_EVT_GAP_AUTH_COMPLETE\000"
 752      455F4556 
 752      545F4741 
 752      505F4155 
 752      54485F43 
 753              	.LASF8:
 754 04a0 756E7369 		.ascii	"unsigned int\000"
 754      676E6564 
 754      20696E74 
 754      00
 755              	.LASF35:
 756 04ad 4359424C 		.ascii	"CYBLE_EVT_GATT_CONNECT_IND\000"
 756      455F4556 
 756      545F4741 
 756      54545F43 
 756      4F4E4E45 
 757              	.LASF5:
 758 04c8 6C6F6E67 		.ascii	"long unsigned int\000"
 758      20756E73 
 758      69676E65 
 758      6420696E 
 758      7400
 759              	.LASF93:
 760 04da 53797374 		.ascii	"SystemFlag\000"
 760      656D466C 
 760      616700
 761              	.LASF22:
 762 04e5 4359424C 		.ascii	"CYBLE_EVT_GAP_AUTH_REQ\000"
 762      455F4556 
 762      545F4741 
 762      505F4155 
 762      54485F52 
 763              	.LASF61:
 764 04fc 4359424C 		.ascii	"CYBLE_EVT_L2CAP_CBFC_DISCONN_IND\000"
 764      455F4556 
 764      545F4C32 
 764      4341505F 
 764      43424643 
 765              	.LASF30:
 766 051d 4359424C 		.ascii	"CYBLE_EVT_GAP_ENCRYPT_CHANGE\000"
 766      455F4556 
 766      545F4741 
 766      505F454E 
 766      43525950 
 767              	.LASF13:
ARM GAS  C:\Users\Shahed\AppData\Local\Temp\ccKrvZsr.s 			page 21


 768 053a 72656733 		.ascii	"reg32\000"
 768      3200
 769              	.LASF3:
 770 0540 73686F72 		.ascii	"short unsigned int\000"
 770      7420756E 
 770      7369676E 
 770      65642069 
 770      6E7400
 771              	.LASF87:
 772 0553 496E6974 		.ascii	"InitializeSystem\000"
 772      69616C69 
 772      7A655379 
 772      7374656D 
 772      00
 773              	.LASF31:
 774 0564 4359424C 		.ascii	"CYBLE_EVT_GAP_CONNECTION_UPDATE_COMPLETE\000"
 774      455F4556 
 774      545F4741 
 774      505F434F 
 774      4E4E4543 
 775              	.LASF11:
 776 058d 63686172 		.ascii	"char\000"
 776      00
 777              	.LASF81:
 778 0592 4359424C 		.ascii	"CYBLE_HTS_INTERM_TEMP\000"
 778      455F4854 
 778      535F494E 
 778      5445524D 
 778      5F54454D 
 779              	.LASF83:
 780 05a8 4359424C 		.ascii	"CYBLE_HTS_CHAR_COUNT\000"
 780      455F4854 
 780      535F4348 
 780      41525F43 
 780      4F554E54 
 781              	.LASF92:
 782 05bd 433A5C55 		.ascii	"C:\\Users\\Shahed\\Desktop\\Yobely- Health Thermome"
 782      73657273 
 782      5C536861 
 782      6865645C 
 782      4465736B 
 783 05ec 7465722E 		.ascii	"ter.cywrk.Archive01\\AN91184\\Health Thermometer.cy"
 783      63797772 
 783      6B2E4172 
 783      63686976 
 783      6530315C 
 784 061d 64736E00 		.ascii	"dsn\000"
 785              	.LASF58:
 786 0621 4359424C 		.ascii	"CYBLE_EVT_L2CAP_COMMAND_REJ\000"
 786      455F4556 
 786      545F4C32 
 786      4341505F 
 786      434F4D4D 
 787              	.LASF76:
 788 063d 4359424C 		.ascii	"CYBLE_DIS_REG_CERT_DATA\000"
 788      455F4449 
 788      535F5245 
ARM GAS  C:\Users\Shahed\AppData\Local\Temp\ccKrvZsr.s 			page 22


 788      475F4345 
 788      52545F44 
 789              	.LASF91:
 790 0655 2E5C436F 		.ascii	".\\CommonFunctions.c\000"
 790      6D6D6F6E 
 790      46756E63 
 790      74696F6E 
 790      732E6300 
 791              	.LASF44:
 792 0669 4359424C 		.ascii	"CYBLE_EVT_GATTC_READ_BLOB_RSP\000"
 792      455F4556 
 792      545F4741 
 792      5454435F 
 792      52454144 
 793              	.LASF51:
 794 0687 4359424C 		.ascii	"CYBLE_EVT_GATTC_EXEC_WRITE_RSP\000"
 794      455F4556 
 794      545F4741 
 794      5454435F 
 794      45584543 
 795              	.LASF12:
 796 06a6 75696E74 		.ascii	"uint32\000"
 796      333200
 797              	.LASF67:
 798 06ad 4359424C 		.ascii	"CYBLE_EVT_PENDING_FLASH_WRITE\000"
 798      455F4556 
 798      545F5045 
 798      4E44494E 
 798      475F464C 
 799              	.LASF64:
 800 06cb 4359424C 		.ascii	"CYBLE_EVT_L2CAP_CBFC_RX_CREDIT_IND\000"
 800      455F4556 
 800      545F4C32 
 800      4341505F 
 800      43424643 
 801              	.LASF10:
 802 06ee 646F7562 		.ascii	"double\000"
 802      6C6500
 803              	.LASF65:
 804 06f5 4359424C 		.ascii	"CYBLE_EVT_L2CAP_CBFC_TX_CREDIT_IND\000"
 804      455F4556 
 804      545F4C32 
 804      4341505F 
 804      43424643 
 805              	.LASF78:
 806 0718 4359424C 		.ascii	"CYBLE_DIS_CHAR_COUNT\000"
 806      455F4449 
 806      535F4348 
 806      41525F43 
 806      4F554E54 
 807              	.LASF23:
 808 072d 4359424C 		.ascii	"CYBLE_EVT_GAP_PASSKEY_ENTRY_REQUEST\000"
 808      455F4556 
 808      545F4741 
 808      505F5041 
 808      53534B45 
 809              	.LASF18:
ARM GAS  C:\Users\Shahed\AppData\Local\Temp\ccKrvZsr.s 			page 23


 810 0751 4359424C 		.ascii	"CYBLE_EVT_HARDWARE_ERROR\000"
 810      455F4556 
 810      545F4841 
 810      52445741 
 810      52455F45 
 811              	.LASF63:
 812 076a 4359424C 		.ascii	"CYBLE_EVT_L2CAP_CBFC_DATA_READ\000"
 812      455F4556 
 812      545F4C32 
 812      4341505F 
 812      43424643 
 813              	.LASF57:
 814 0789 4359424C 		.ascii	"CYBLE_EVT_L2CAP_CONN_PARAM_UPDATE_RSP\000"
 814      455F4556 
 814      545F4C32 
 814      4341505F 
 814      434F4E4E 
 815              	.LASF21:
 816 07af 4359424C 		.ascii	"CYBLE_EVT_GAPC_SCAN_PROGRESS_RESULT\000"
 816      455F4556 
 816      545F4741 
 816      50435F53 
 816      43414E5F 
 817              	.LASF80:
 818 07d3 4359424C 		.ascii	"CYBLE_HTS_TEMP_TYPE\000"
 818      455F4854 
 818      535F5445 
 818      4D505F54 
 818      59504500 
 819              	.LASF39:
 820 07e7 4359424C 		.ascii	"CYBLE_EVT_GATTC_READ_BY_GROUP_TYPE_RSP\000"
 820      455F4556 
 820      545F4741 
 820      5454435F 
 820      52454144 
 821              	.LASF73:
 822 080e 4359424C 		.ascii	"CYBLE_DIS_FIRMWARE_REV\000"
 822      455F4449 
 822      535F4649 
 822      524D5741 
 822      52455F52 
 823              	.LASF38:
 824 0825 4359424C 		.ascii	"CYBLE_EVT_GATTC_XCHNG_MTU_RSP\000"
 824      455F4556 
 824      545F4741 
 824      5454435F 
 824      5843484E 
 825              	.LASF72:
 826 0843 4359424C 		.ascii	"CYBLE_DIS_HARDWARE_REV\000"
 826      455F4449 
 826      535F4841 
 826      52445741 
 826      52455F52 
 827              	.LASF17:
 828 085a 4359424C 		.ascii	"CYBLE_EVT_TIMEOUT\000"
 828      455F4556 
 828      545F5449 
ARM GAS  C:\Users\Shahed\AppData\Local\Temp\ccKrvZsr.s 			page 24


 828      4D454F55 
 828      5400
 829              	.LASF66:
 830 086c 4359424C 		.ascii	"CYBLE_EVT_L2CAP_CBFC_DATA_WRITE_IND\000"
 830      455F4556 
 830      545F4C32 
 830      4341505F 
 830      43424643 
 831              	.LASF32:
 832 0890 4359424C 		.ascii	"CYBLE_EVT_GAPC_SCAN_START_STOP\000"
 832      455F4556 
 832      545F4741 
 832      50435F53 
 832      43414E5F 
 833              	.LASF50:
 834 08af 4359424C 		.ascii	"CYBLE_EVT_GATTS_EXEC_WRITE_REQ\000"
 834      455F4556 
 834      545F4741 
 834      5454535F 
 834      45584543 
 835              	.LASF29:
 836 08ce 4359424C 		.ascii	"CYBLE_EVT_GAP_DEVICE_DISCONNECTED\000"
 836      455F4556 
 836      545F4741 
 836      505F4445 
 836      56494345 
 837              	.LASF84:
 838 08f0 4359424C 		.ascii	"CYBLE_HTS_CCCD\000"
 838      455F4854 
 838      535F4343 
 838      434400
 839              	.LASF55:
 840 08ff 4359424C 		.ascii	"CYBLE_EVT_GATTS_DATA_SIGNED_CMD_REQ\000"
 840      455F4556 
 840      545F4741 
 840      5454535F 
 840      44415441 
 841              	.LASF90:
 842 0923 474E5520 		.ascii	"GNU C 4.8.4 20140526 (release) [ARM/embedded-4_8-br"
 842      4320342E 
 842      382E3420 
 842      32303134 
 842      30353236 
 843 0956 616E6368 		.ascii	"anch revision 211358] -mcpu=cortex-m0 -mthumb -g -O"
 843      20726576 
 843      6973696F 
 843      6E203231 
 843      31333538 
 844 0989 30202D66 		.ascii	"0 -ffunction-sections\000"
 844      66756E63 
 844      74696F6E 
 844      2D736563 
 844      74696F6E 
 845              	.LASF75:
 846 099f 4359424C 		.ascii	"CYBLE_DIS_SYSTEM_ID\000"
 846      455F4449 
 846      535F5359 
ARM GAS  C:\Users\Shahed\AppData\Local\Temp\ccKrvZsr.s 			page 25


 846      5354454D 
 846      5F494400 
 847              	.LASF69:
 848 09b3 4359424C 		.ascii	"CYBLE_DIS_MANUFACTURER_NAME\000"
 848      455F4449 
 848      535F4D41 
 848      4E554641 
 848      43545552 
 849              	.LASF77:
 850 09cf 4359424C 		.ascii	"CYBLE_DIS_PNP_ID\000"
 850      455F4449 
 850      535F504E 
 850      505F4944 
 850      00
 851              		.ident	"GCC: (GNU Tools for ARM Embedded Processors) 4.8.4 20140526 (release) [ARM/embedded-4_8-br
